Using pre-set license
Built from '2022.3/staging' branch; Version is '2022.3.14f1 (eff2de9070d8) revision 15725278'; Using compiler version '192829333'; Build Type 'Release'
OS: 'Windows 11  (10.0.22621) 64bit Professional' Language: 'ru' Physical Memory: 16239 MB
BatchMode: 1, IsHumanControllingUs: 0, StartBugReporterOnCrash: 0, Is64bit: 1, IsPro: 1

COMMAND LINE ARGUMENTS:
C:\Program Files\Unity\Hub\Editor\2022.3.14f1\Editor\Unity.exe
-adb2
-batchMode
-noUpm
-name
AssetImportWorker3
-projectPath
C:/Users/bagor/Documents/GitHub/SellerSimulator/SellerSimulator
-logFile
Logs/AssetImportWorker3.log
-srvPort
54245
Successfully changed project path to: C:/Users/bagor/Documents/GitHub/SellerSimulator/SellerSimulator
C:/Users/bagor/Documents/GitHub/SellerSimulator/SellerSimulator
[UnityMemory] Configuration Parameters - Can be set up in boot.config
    "memorysetup-bucket-allocator-granularity=16"
    "memorysetup-bucket-allocator-bucket-count=8"
    "memorysetup-bucket-allocator-block-size=33554432"
    "memorysetup-bucket-allocator-block-count=8"
    "memorysetup-main-allocator-block-size=16777216"
    "memorysetup-thread-allocator-block-size=16777216"
    "memorysetup-gfx-main-allocator-block-size=16777216"
    "memorysetup-gfx-thread-allocator-block-size=16777216"
    "memorysetup-cache-allocator-block-size=4194304"
    "memorysetup-typetree-allocator-block-size=2097152"
    "memorysetup-profiler-bucket-allocator-granularity=16"
    "memorysetup-profiler-bucket-allocator-bucket-count=8"
    "memorysetup-profiler-bucket-allocator-block-size=33554432"
    "memorysetup-profiler-bucket-allocator-block-count=8"
    "memorysetup-profiler-allocator-block-size=16777216"
    "memorysetup-profiler-editor-allocator-block-size=1048576"
    "memorysetup-temp-allocator-size-main=16777216"
    "memorysetup-job-temp-allocator-block-size=2097152"
    "memorysetup-job-temp-allocator-block-size-background=1048576"
    "memorysetup-job-temp-allocator-reduction-small-platforms=262144"
    "memorysetup-allocator-temp-initial-block-size-main=262144"
    "memorysetup-allocator-temp-initial-block-size-worker=262144"
    "memorysetup-temp-allocator-size-background-worker=32768"
    "memorysetup-temp-allocator-size-job-worker=262144"
    "memorysetup-temp-allocator-size-preload-manager=33554432"
    "memorysetup-temp-allocator-size-nav-mesh-worker=65536"
    "memorysetup-temp-allocator-size-audio-worker=65536"
    "memorysetup-temp-allocator-size-cloud-worker=32768"
    "memorysetup-temp-allocator-size-gi-baking-worker=262144"
    "memorysetup-temp-allocator-size-gfx=262144"
Player connection [20372] Host "[IP] 192.168.31.53 [Port] 0 [Flags] 2 [Guid] 1358549881 [EditorId] 1358549881 [Version] 1048832 [Id] WindowsEditor(7,Velp) [Debug] 1 [PackageName] WindowsEditor [ProjectName] Editor" joined multi-casting on [225.0.0.222:54997]...

Player connection [20372] Host "[IP] 192.168.31.53 [Port] 0 [Flags] 2 [Guid] 1358549881 [EditorId] 1358549881 [Version] 1048832 [Id] WindowsEditor(7,Velp) [Debug] 1 [PackageName] WindowsEditor [ProjectName] Editor" joined alternative multi-casting on [225.0.0.222:34997]...

[Physics::Module] Initialized MultithreadedJobDispatcher with 11 workers.
Refreshing native plugins compatible for Editor in 6.69 ms, found 3 plugins.
Preloading 0 native plugins for Editor in 0.00 ms.
Initialize engine version: 2022.3.14f1 (eff2de9070d8)
[Subsystems] Discovering subsystems at path C:/Program Files/Unity/Hub/Editor/2022.3.14f1/Editor/Data/Resources/UnitySubsystems
[Subsystems] Discovering subsystems at path C:/Users/bagor/Documents/GitHub/SellerSimulator/SellerSimulator/Assets
GfxDevice: creating device client; threaded=0; jobified=0
Direct3D:
    Version:  Direct3D 11.0 [level 11.1]
    Renderer: AMD Radeon R7 200 Series (ID=0x6658)
    Vendor:   ATI
    VRAM:     2023 MB
    Driver:   27.20.20913.2000
Initialize mono
Mono path[0] = 'C:/Program Files/Unity/Hub/Editor/2022.3.14f1/Editor/Data/Managed'
Mono path[1] = 'C:/Program Files/Unity/Hub/Editor/2022.3.14f1/Editor/Data/MonoBleedingEdge/lib/mono/unityjit-win32'
Mono config path = 'C:/Program Files/Unity/Hub/Editor/2022.3.14f1/Editor/Data/MonoBleedingEdge/etc'
Using monoOptions --debugger-agent=transport=dt_socket,embedding=1,server=y,suspend=n,address=127.0.0.1:56228
Begin MonoManager ReloadAssembly
Registering precompiled unity dll's ...
Register platform support module: C:/Program Files/Unity/Hub/Editor/2022.3.14f1/Editor/Data/PlaybackEngines/AndroidPlayer/UnityEditor.Android.Extensions.dll
Register platform support module: C:/Program Files/Unity/Hub/Editor/2022.3.14f1/Editor/Data/PlaybackEngines/WindowsStandaloneSupport/UnityEditor.WindowsStandalone.Extensions.dll
Registered in 0.005628 seconds.
- Loaded All Assemblies, in  0.303 seconds
Native extension for WindowsStandalone target not found
Native extension for Android target not found
Android Extension - Scanning For ADB Devices 221 ms
Mono: successfully reloaded assembly
- Finished resetting the current domain, in  0.496 seconds
Domain Reload Profiling: 797ms
	BeginReloadAssembly (87ms)
		ExecutionOrderSort (0ms)
		DisableScriptedObjects (0ms)
		BackupInstance (0ms)
		ReleaseScriptingObjects (0ms)
		CreateAndSetChildDomain (1ms)
	RebuildCommonClasses (28ms)
	RebuildNativeTypeToScriptingClass (10ms)
	initialDomainReloadingComplete (48ms)
	LoadAllAssembliesAndSetupDomain (128ms)
		LoadAssemblies (86ms)
		RebuildTransferFunctionScriptingTraits (0ms)
		AnalyzeDomain (126ms)
			TypeCache.Refresh (125ms)
				TypeCache.ScanAssembly (114ms)
			ScanForSourceGeneratedMonoScriptInfo (0ms)
			ResolveRequiredComponents (0ms)
	FinalizeReload (496ms)
		ReleaseScriptCaches (0ms)
		RebuildScriptCaches (0ms)
		SetupLoadedEditorAssemblies (445ms)
			LogAssemblyErrors (0ms)
			InitializePlatformSupportModulesInManaged (316ms)
			SetLoadedEditorAssemblies (3ms)
			RefreshPlugins (0ms)
			BeforeProcessingInitializeOnLoad (2ms)
			ProcessInitializeOnLoadAttributes (84ms)
			ProcessInitializeOnLoadMethodAttributes (40ms)
			AfterProcessingInitializeOnLoad (0ms)
			EditorAssembliesLoaded (0ms)
		ExecutionOrderSort2 (0ms)
		AwakeInstancesAfterBackupRestoration (0ms)
========================================================================
Worker process is ready to serve import requests
Begin MonoManager ReloadAssembly
- Loaded All Assemblies, in  0.549 seconds
Refreshing native plugins compatible for Editor in 3.30 ms, found 3 plugins.
Native extension for WindowsStandalone target not found
Native extension for Android target not found
Package Manager log level set to [2]
[Package Manager] Server::EnsureServerProcessIsRunning -- launch failed, reason: Unity was launched with the -noUpm command-line argument
[Package Manager] UpmClient::Send -- Unable to send message (not connected to UPM process).
[Package Manager] Cannot connect to Unity Package Manager local server
DisplayProgressbar: Restoring NuGet Packages
Mono: successfully reloaded assembly
- Finished resetting the current domain, in  0.612 seconds
Domain Reload Profiling: 1160ms
	BeginReloadAssembly (128ms)
		ExecutionOrderSort (0ms)
		DisableScriptedObjects (6ms)
		BackupInstance (0ms)
		ReleaseScriptingObjects (0ms)
		CreateAndSetChildDomain (18ms)
	RebuildCommonClasses (29ms)
	RebuildNativeTypeToScriptingClass (9ms)
	initialDomainReloadingComplete (34ms)
	LoadAllAssembliesAndSetupDomain (347ms)
		LoadAssemblies (241ms)
		RebuildTransferFunctionScriptingTraits (0ms)
		AnalyzeDomain (172ms)
			TypeCache.Refresh (155ms)
				TypeCache.ScanAssembly (139ms)
			ScanForSourceGeneratedMonoScriptInfo (12ms)
			ResolveRequiredComponents (4ms)
	FinalizeReload (613ms)
		ReleaseScriptCaches (0ms)
		RebuildScriptCaches (0ms)
		SetupLoadedEditorAssemblies (483ms)
			LogAssemblyErrors (0ms)
			InitializePlatformSupportModulesInManaged (20ms)
			SetLoadedEditorAssemblies (3ms)
			RefreshPlugins (0ms)
			BeforeProcessingInitializeOnLoad (46ms)
			ProcessInitializeOnLoadAttributes (392ms)
			ProcessInitializeOnLoadMethodAttributes (18ms)
			AfterProcessingInitializeOnLoad (4ms)
			EditorAssembliesLoaded (0ms)
		ExecutionOrderSort2 (0ms)
		AwakeInstancesAfterBackupRestoration (6ms)
Launched and connected shader compiler UnityShaderCompiler.exe after 0.00 seconds
Refreshing native plugins compatible for Editor in 2.45 ms, found 3 plugins.
Preloading 0 native plugins for Editor in 0.00 ms.
Unloading 3159 Unused Serialized files (Serialized files now loaded: 0)
Unloading 37 unused Assets / (355.2 KB). Loaded Objects now: 3633.
Memory consumption went from 207.2 MB to 206.9 MB.
Total: 3.082500 ms (FindLiveObjects: 0.196600 ms CreateObjectMapping: 0.136000 ms MarkObjects: 2.498500 ms  DeleteObjects: 0.250000 ms)

AssetImportParameters requested are different than current active one (requested -> active):
  custom:scripting/monoscript/fileName/IncomingChangesTab.cs: 8f6297df34271fdb1ce2d9607ec6261d -> af2f8b65a736cbc2c6197311f8f8caf3
  custom:scripting/monoscript/fileName/IncomingChangesNotifier.cs: 8f6297df34271fdb1ce2d9607ec6261d -> 10fad815611441fb3a805150421ed991
  custom:container-demuxer-ogg: 62fdf1f143b41e24485cea50d1cbac27 -> 
  custom:scripting/monoscript/fileName/ProgressControlsForDialogs.cs: a53f96815da50de15010b1c479bc70cf -> 7e6bd1727985204e3b64e1946e589b1c
  custom:scripting/monoscript/fileName/SSOCredentialsDialog.cs: 90647cc400823b41df847a6cbfc29026 -> e140ede12a96f68f30062138385171c3
  custom:video-codec-MediaFoundation-h265: 746d11721c4dcdbdad8f713fa42b33f4 -> 
  custom:scripting/monoscript/fileName/RepositoriesListView.cs: 90647cc400823b41df847a6cbfc29026 -> 95287f65338ca0073ad04002a16eaaf7
  custom:video-decoder-ogg-theora: a1e56fd34408186e4bbccfd4996cb3dc -> 
  custom:framework-win-MediaFoundation: 216162199b28c13a410421893ffa2e32 -> 
  custom:scripting/monoscript/fileName/ProgressControlsForViews.cs: 0cdf409b5aa8d4c25876d72b5c6a3b60 -> a8a18a90f46aa63848e1e45d8d7ff9af
  custom:scripting/monoscript/fileName/MissingEncryptionPasswordPromptHandler.cs: 90647cc400823b41df847a6cbfc29026 -> 5d7b9646eb14a39b6d3d5bab19d266ff
  custom:scripting/monoscript/fileName/NotificationBar.cs: 0cdf409b5aa8d4c25876d72b5c6a3b60 -> 0daf459fa0c4269b16bcc20cd072c021
  custom:scripting/monoscript/fileName/UnityThreadWaiter.cs: 0cdf409b5aa8d4c25876d72b5c6a3b60 -> 99333406d92d10003984b4d1920de2f9
  custom:scripting/monoscript/fileName/HistoryTab.cs: 90647cc400823b41df847a6cbfc29026 -> d57f000c65fde42a2228c7a105a836e5
  custom:scripting/monoscript/fileName/CreateRepositoryDialog.cs: 90647cc400823b41df847a6cbfc29026 -> 5cec3e66b09e0dbe1f805953c5c64af9
  custom:scripting/monoscript/fileName/ViewSwitcher.cs: 90647cc400823b41df847a6cbfc29026 -> 1700c042de8c16a5c0f6851d66df802a
  custom:CustomObjectIndexerAttribute: 756ad292c208cfabdd7b50bc23989ffe -> 
  custom:container-demuxer-webm: 4f35f7cbe854078d1ac9338744f61a02 -> 
  custom:scripting/monoscript/fileName/UpdateReportDialog.cs: d1628edb27b556e9e45af714e1b3ce2e -> 087837d8f73228f1a817d0de82c77260
  custom:scripting/monoscript/fileName/LaunchCheckinConflictsDialog.cs: 90647cc400823b41df847a6cbfc29026 -> e2c1e3f8f4e14a62e4363fe6259adbc2
  custom:scripting/monoscript/fileName/CreateWorkspaceView.cs: 849ed7f5b11c9db237ef61b01c5a5104 -> 04b4ce6556541af6541e1f1c2ea97052
  custom:scripting/monoscript/fileName/NCalcParser.cs: db61961eecf05360f8f4faca73024b2f -> 8e26acbdb2328e839bb63f98d07bd324
  custom:scripting/monoscript/fileName/CheckinDialog.cs: 0cdf409b5aa8d4c25876d72b5c6a3b60 -> 702fdb8d0a3b4bfcb9ba109e71325cad
  custom:container-muxer-webm: aa71ff27fc2769a1b78a27578f13a17b -> 
  custom:scripting/monoscript/fileName/EditorProgressControls.cs: 90647cc400823b41df847a6cbfc29026 -> 2e606eb01a6e6a567f3de9a0379ed3ae
  custom:video-decoder-webm-vp8: 9c59270c3fd7afecdb556c50c9e8de78 -> 
  custom:scripting/monoscript/fileName/ChangesetsTab.cs: 0cdf409b5aa8d4c25876d72b5c6a3b60 -> 46dde8f7856048792ad2e75490bb8c5e
  custom:SearchIndexIgnoredProperties: e643bd26f0fe6173181afceb89e7c659 -> 
  custom:AudioImporter_EditorPlatform: d09bf68614088b80899f8185d706f6e7 -> 
  custom:scripting/monoscript/fileName/CoverageReportGenerator.cs: 3ea35e588ed069770179d8d4e363e731 -> 14395a927aaa58c17afbfc10d0d33478
  custom:scripting/monoscript/fileName/DiffPanel.cs: 90647cc400823b41df847a6cbfc29026 -> 210366dab3631628227b9406f87a9b7f
  custom:scripting/monoscript/fileName/ProgressOperationHandler.cs: 8da79525110cdcf421ce08e37577cfbc -> ec62666c0ca1649dd33cc6bc6834c6f7
  custom:scripting/monoscript/fileName/UnityPlasticTimer.cs: 0cdf409b5aa8d4c25876d72b5c6a3b60 -> 6c887e722e951c2964523825cad70c4c
  custom:scripting/monoscript/fileName/ConfirmContinueWithPendingChangesDialog.cs: 0fd6c484965f7cb9b268e798298a9886 -> 77462b1904ad8f6fee2f8da4523d59fe
  custom:scripting/monoscript/fileName/ChannelCertificateUiImpl.cs: 90647cc400823b41df847a6cbfc29026 -> cefccf1e13b7bcf15e3c9f2dd4cd2fc8
  custom:scripting/monoscript/fileName/RepositoryExplorerDialog.cs: 0cdf409b5aa8d4c25876d72b5c6a3b60 -> eea34924da79ad7254f3e141a891c78d
  custom:video-encoder-webm-vp8: eb34c28f22e8b96e1ab97ce403110664 -> 
  custom:scripting/monoscript/fileName/AutoLogin.cs: 90647cc400823b41df847a6cbfc29026 -> cac363a2d5471994de278e71f937b032
  custom:audio-decoder-ogg-vorbis: bf7c407c2cedff20999df2af8eb42d56 -> 
  custom:scripting/monoscript/fileName/LaunchDependenciesDialog.cs: 90647cc400823b41df847a6cbfc29026 -> 2cabf22eb95430074b6c730a84e03493
  custom:scripting/monoscript/fileName/CloudEditionWelcomeWindow.cs: c1777a498406cd95bc755aaf92ab946f -> b1721e471183956468462f6b64901640
  custom:scripting/monoscript/fileName/CredentialsUIImpl.cs: 90647cc400823b41df847a6cbfc29026 -> dbacf67c37819fd95562fe169e706732
  custom:scripting/monoscript/fileName/UnityPlasticGuiMessage.cs: 90647cc400823b41df847a6cbfc29026 -> 24eef0792e3802809607a7f9d04b8f1d
  custom:scripting/monoscript/fileName/BranchesTab.cs: 90647cc400823b41df847a6cbfc29026 -> 57c33f76c527a5aba4d269245ffff188
  custom:audio-encoder-webm-vorbis: bf7c407c2cedff20999df2af8eb42d56 -> 
  custom:scripting/monoscript/fileName/PlasticWindow.cs: 0cdf409b5aa8d4c25876d72b5c6a3b60 -> fc467478941f610919bc69526ba2c215
========================================================================
Received Import Request.
  Time since last request: 3042.485376 seconds.
  path: Assets/Scripts/Camera/Resources/IconProducts/washing.png
  artifactKey: Guid(389771f3593fd0e4da664d64ea0b2600) Importer(815301076,1909f56bfc062723c751e8b465ee728b)
Start importing Assets/Scripts/Camera/Resources/IconProducts/washing.png using Guid(389771f3593fd0e4da664d64ea0b2600) Importer(815301076,1909f56bfc062723c751e8b465ee728b)  -> (artifact id: 'a1aad1fde1876b1727d5256e73ba2e47') in 0.074023 seconds
Number of updated asset objects reloaded before import = 0
Number of asset objects unloaded after import = 3
========================================================================
Received Import Request.
  Time since last request: 5.188513 seconds.
  path: Assets/Scripts/Camera/Resources/IconProducts/oldPhone.png
  artifactKey: Guid(8e38e36c17651e44a81122276384c311) Importer(815301076,1909f56bfc062723c751e8b465ee728b)
Start importing Assets/Scripts/Camera/Resources/IconProducts/oldPhone.png using Guid(8e38e36c17651e44a81122276384c311) Importer(815301076,1909f56bfc062723c751e8b465ee728b)  -> (artifact id: '06cff886fe9d20f72f148269c693d2f3') in 0.014677 seconds
Number of updated asset objects reloaded before import = 0
Number of asset objects unloaded after import = 3
========================================================================
Received Import Request.
  Time since last request: 0.045611 seconds.
  path: Assets/Scripts/Camera/Resources/IconProducts/IconProducts 1/IconProducts/oldPhone.png
  artifactKey: Guid(0fa7af854e9dbb846ad333cf4d61b0e9) Importer(815301076,1909f56bfc062723c751e8b465ee728b)
Start importing Assets/Scripts/Camera/Resources/IconProducts/IconProducts 1/IconProducts/oldPhone.png using Guid(0fa7af854e9dbb846ad333cf4d61b0e9) Importer(815301076,1909f56bfc062723c751e8b465ee728b)  -> (artifact id: '51d4bdd0e8569ff43993af4d0f687c55') in 0.013706 seconds
Number of updated asset objects reloaded before import = 0
Number of asset objects unloaded after import = 3
========================================================================
Received Import Request.
  Time since last request: 0.057763 seconds.
  path: Assets/Scripts/Camera/Resources/IconProducts/oldKeyboard.png
  artifactKey: Guid(1d53eeab967650448a28c1a181b6ab31) Importer(815301076,1909f56bfc062723c751e8b465ee728b)
Start importing Assets/Scripts/Camera/Resources/IconProducts/oldKeyboard.png using Guid(1d53eeab967650448a28c1a181b6ab31) Importer(815301076,1909f56bfc062723c751e8b465ee728b)  -> (artifact id: 'bde6e31098527ebf64dd9fe15baa9120') in 0.013204 seconds
Number of updated asset objects reloaded before import = 0
Number of asset objects unloaded after import = 3
========================================================================
Received Import Request.
  Time since last request: 128.961161 seconds.
  path: Assets/Scripts/Camera/Resources/IconProducts/flash256Gb.png
  artifactKey: Guid(e7bf271e873dbfe4aac33ba70069792c) Importer(815301076,1909f56bfc062723c751e8b465ee728b)
Start importing Assets/Scripts/Camera/Resources/IconProducts/flash256Gb.png using Guid(e7bf271e873dbfe4aac33ba70069792c) Importer(815301076,1909f56bfc062723c751e8b465ee728b)  -> (artifact id: '1e596a4ccecd2dca9c93a05b58b366dc') in 0.013803 seconds
Number of updated asset objects reloaded before import = 0
Number of asset objects unloaded after import = 3
========================================================================
Received Import Request.
  Time since last request: 0.000019 seconds.
  path: Assets/Scripts/Camera/Resources/IconProducts/flash1024Gb.png
  artifactKey: Guid(6159f37c354562647afdd69675eb2d95) Importer(815301076,1909f56bfc062723c751e8b465ee728b)
Start importing Assets/Scripts/Camera/Resources/IconProducts/flash1024Gb.png using Guid(6159f37c354562647afdd69675eb2d95) Importer(815301076,1909f56bfc062723c751e8b465ee728b)  -> (artifact id: '6c8f1b8a3d488917ca1af2c63efff2c7') in 0.010388 seconds
Number of updated asset objects reloaded before import = 0
Number of asset objects unloaded after import = 3
========================================================================
Received Import Request.
  Time since last request: 0.021521 seconds.
  path: Assets/Interface/Warehouse/Frame 61.png
  artifactKey: Guid(e6b94b6fc1298d941bb5121338d9abe8) Importer(815301076,1909f56bfc062723c751e8b465ee728b)
Start importing Assets/Interface/Warehouse/Frame 61.png using Guid(e6b94b6fc1298d941bb5121338d9abe8) Importer(815301076,1909f56bfc062723c751e8b465ee728b)  -> (artifact id: 'da773f336c7ac64d687efa3319c4a2c7') in 0.010978 seconds
Number of updated asset objects reloaded before import = 0
Number of asset objects unloaded after import = 3
========================================================================
Received Import Request.
  Time since last request: 0.000016 seconds.
  path: Assets/Interface/Warehouse/Frame 62.png
  artifactKey: Guid(c1db8f633a4be154ca7e61e39bfc4aee) Importer(815301076,1909f56bfc062723c751e8b465ee728b)
Start importing Assets/Interface/Warehouse/Frame 62.png using Guid(c1db8f633a4be154ca7e61e39bfc4aee) Importer(815301076,1909f56bfc062723c751e8b465ee728b)  -> (artifact id: 'e73fd652245a662aeb8ce442cbe47721') in 0.011969 seconds
Number of updated asset objects reloaded before import = 0
Number of asset objects unloaded after import = 3
========================================================================
Received Import Request.
  Time since last request: 0.021083 seconds.
  path: Assets/Interface/Room-Default/Frame 101.png
  artifactKey: Guid(5ec4ff28c10c218418f764421c71f647) Importer(815301076,1909f56bfc062723c751e8b465ee728b)
Start importing Assets/Interface/Room-Default/Frame 101.png using Guid(5ec4ff28c10c218418f764421c71f647) Importer(815301076,1909f56bfc062723c751e8b465ee728b)  -> (artifact id: 'ac0ac331e01d70b297b3927d8385a226') in 0.011654 seconds
Number of updated asset objects reloaded before import = 0
Number of asset objects unloaded after import = 3
========================================================================
Received Import Request.
  Time since last request: 0.000022 seconds.
  path: Assets/Interface/Room-Default/Frame 102.png
  artifactKey: Guid(d85eaa23839b0784cb3a127865036f71) Importer(815301076,1909f56bfc062723c751e8b465ee728b)
Start importing Assets/Interface/Room-Default/Frame 102.png using Guid(d85eaa23839b0784cb3a127865036f71) Importer(815301076,1909f56bfc062723c751e8b465ee728b)  -> (artifact id: 'b02f1c9d58e95ebef1e4f4900d14c910') in 0.013637 seconds
Number of updated asset objects reloaded before import = 0
Number of asset objects unloaded after import = 3
========================================================================
Received Import Request.
  Time since last request: 0.003425 seconds.
  path: Assets/Interface/Room-Default/Frame 104.png
  artifactKey: Guid(200b75b4accd518458a996e152d58086) Importer(815301076,1909f56bfc062723c751e8b465ee728b)
Start importing Assets/Interface/Room-Default/Frame 104.png using Guid(200b75b4accd518458a996e152d58086) Importer(815301076,1909f56bfc062723c751e8b465ee728b)  -> (artifact id: '0c02fc7c84126cb72c74ebe6eedc6383') in 0.012039 seconds
Number of updated asset objects reloaded before import = 0
Number of asset objects unloaded after import = 3
========================================================================
Received Import Request.
  Time since last request: 0.937028 seconds.
  path: Assets/Sprites/box_02.png
  artifactKey: Guid(f955df1bc9d268b44820c59049e0f92f) Importer(815301076,1909f56bfc062723c751e8b465ee728b)
Start importing Assets/Sprites/box_02.png using Guid(f955df1bc9d268b44820c59049e0f92f) Importer(815301076,1909f56bfc062723c751e8b465ee728b)  -> (artifact id: '9c4fc79e8a7fc1a4d526c1ba60943d9d') in 0.013584 seconds
Number of updated asset objects reloaded before import = 0
Number of asset objects unloaded after import = 3
========================================================================
Received Import Request.
  Time since last request: 0.002125 seconds.
  path: Assets/Scripts/Camera/Resources/box01_preview.png
  artifactKey: Guid(0208c4d8f5e99b448a1a8c962197b1d7) Importer(815301076,1909f56bfc062723c751e8b465ee728b)
Start importing Assets/Scripts/Camera/Resources/box01_preview.png using Guid(0208c4d8f5e99b448a1a8c962197b1d7) Importer(815301076,1909f56bfc062723c751e8b465ee728b)  -> (artifact id: '3967fc9094362c7943ae32a5055bace0') in 0.014548 seconds
Number of updated asset objects reloaded before import = 0
Number of asset objects unloaded after import = 3
========================================================================
Received Import Request.
  Time since last request: 0.025238 seconds.
  path: Assets/Sprites/arrow-left.png
  artifactKey: Guid(580425f7c2db75949a45c690170cb9c2) Importer(815301076,1909f56bfc062723c751e8b465ee728b)
Start importing Assets/Sprites/arrow-left.png using Guid(580425f7c2db75949a45c690170cb9c2) Importer(815301076,1909f56bfc062723c751e8b465ee728b)  -> (artifact id: 'e97e8055a53a7c374e11b4f91e8ff8ce') in 0.010568 seconds
Number of updated asset objects reloaded before import = 0
Number of asset objects unloaded after import = 3
========================================================================
Received Import Request.
  Time since last request: 0.000016 seconds.
  path: Assets/Sprites/arrow-right.png
  artifactKey: Guid(21299faeebea4ea42af7ff2119421a2c) Importer(815301076,1909f56bfc062723c751e8b465ee728b)
Start importing Assets/Sprites/arrow-right.png using Guid(21299faeebea4ea42af7ff2119421a2c) Importer(815301076,1909f56bfc062723c751e8b465ee728b)  -> (artifact id: 'c9786f0eb9be9adc4748fa85a9d17a4d') in 0.011135 seconds
Number of updated asset objects reloaded before import = 0
Number of asset objects unloaded after import = 3
========================================================================
Received Import Request.
  Time since last request: 0.036641 seconds.
  path: Assets/Interface/Warehouse/arrow 1.png
  artifactKey: Guid(51c958810afb71b4c929a473679d5c1e) Importer(815301076,1909f56bfc062723c751e8b465ee728b)
Start importing Assets/Interface/Warehouse/arrow 1.png using Guid(51c958810afb71b4c929a473679d5c1e) Importer(815301076,1909f56bfc062723c751e8b465ee728b)  -> (artifact id: 'a1ecd5f1a4825110fd4cdfee91f725b8') in 0.013226 seconds
Number of updated asset objects reloaded before import = 0
Number of asset objects unloaded after import = 3
========================================================================
Received Prepare
Begin MonoManager ReloadAssembly
- Loaded All Assemblies, in  0.399 seconds
Refreshing native plugins compatible for Editor in 2.66 ms, found 3 plugins.
Native extension for WindowsStandalone target not found
Native extension for Android target not found
[Package Manager] Server::EnsureServerProcessIsRunning -- launch failed, reason: Unity was launched with the -noUpm command-line argument
[Package Manager] UpmClient::Send -- Unable to send message (not connected to UPM process).
[Package Manager] Cannot connect to Unity Package Manager local server
Mono: successfully reloaded assembly
- Finished resetting the current domain, in  0.723 seconds
Domain Reload Profiling: 1120ms
	BeginReloadAssembly (142ms)
		ExecutionOrderSort (0ms)
		DisableScriptedObjects (7ms)
		BackupInstance (0ms)
		ReleaseScriptingObjects (0ms)
		CreateAndSetChildDomain (37ms)
	RebuildCommonClasses (29ms)
	RebuildNativeTypeToScriptingClass (10ms)
	initialDomainReloadingComplete (24ms)
	LoadAllAssembliesAndSetupDomain (192ms)
		LoadAssemblies (248ms)
		RebuildTransferFunctionScriptingTraits (0ms)
		AnalyzeDomain (10ms)
			TypeCache.Refresh (5ms)
				TypeCache.ScanAssembly (0ms)
			ScanForSourceGeneratedMonoScriptInfo (0ms)
			ResolveRequiredComponents (4ms)
	FinalizeReload (723ms)
		ReleaseScriptCaches (0ms)
		RebuildScriptCaches (0ms)
		SetupLoadedEditorAssemblies (335ms)
			LogAssemblyErrors (0ms)
			InitializePlatformSupportModulesInManaged (25ms)
			SetLoadedEditorAssemblies (3ms)
			RefreshPlugins (0ms)
			BeforeProcessingInitializeOnLoad (48ms)
			ProcessInitializeOnLoadAttributes (231ms)
			ProcessInitializeOnLoadMethodAttributes (22ms)
			AfterProcessingInitializeOnLoad (6ms)
			EditorAssembliesLoaded (0ms)
		ExecutionOrderSort2 (0ms)
		AwakeInstancesAfterBackupRestoration (7ms)
Refreshing native plugins compatible for Editor in 3.76 ms, found 3 plugins.
Preloading 0 native plugins for Editor in 0.00 ms.
Unloading 3136 Unused Serialized files (Serialized files now loaded: 0)
Unloading 28 unused Assets / (327.1 KB). Loaded Objects now: 3651.
Memory consumption went from 204.0 MB to 203.7 MB.
Total: 2.580000 ms (FindLiveObjects: 0.254800 ms CreateObjectMapping: 0.114400 ms MarkObjects: 2.001200 ms  DeleteObjects: 0.208200 ms)

Prepare: number of updated asset objects reloaded= 0
AssetImportParameters requested are different than current active one (requested -> active):
  custom:scripting/monoscript/fileName/IncomingChangesTab.cs: 8f6297df34271fdb1ce2d9607ec6261d -> af2f8b65a736cbc2c6197311f8f8caf3
  custom:scripting/monoscript/fileName/IncomingChangesNotifier.cs: 8f6297df34271fdb1ce2d9607ec6261d -> 10fad815611441fb3a805150421ed991
  custom:container-demuxer-ogg: 62fdf1f143b41e24485cea50d1cbac27 -> 
  custom:scripting/monoscript/fileName/ProgressControlsForDialogs.cs: a53f96815da50de15010b1c479bc70cf -> 7e6bd1727985204e3b64e1946e589b1c
  custom:scripting/monoscript/fileName/SSOCredentialsDialog.cs: 90647cc400823b41df847a6cbfc29026 -> e140ede12a96f68f30062138385171c3
  custom:video-codec-MediaFoundation-h265: 746d11721c4dcdbdad8f713fa42b33f4 -> 
  custom:scripting/monoscript/fileName/RepositoriesListView.cs: 90647cc400823b41df847a6cbfc29026 -> 95287f65338ca0073ad04002a16eaaf7
  custom:video-decoder-ogg-theora: a1e56fd34408186e4bbccfd4996cb3dc -> 
  custom:framework-win-MediaFoundation: 216162199b28c13a410421893ffa2e32 -> 
  custom:scripting/monoscript/fileName/ProgressControlsForViews.cs: 0cdf409b5aa8d4c25876d72b5c6a3b60 -> a8a18a90f46aa63848e1e45d8d7ff9af
  custom:scripting/monoscript/fileName/MissingEncryptionPasswordPromptHandler.cs: 90647cc400823b41df847a6cbfc29026 -> 5d7b9646eb14a39b6d3d5bab19d266ff
  custom:scripting/monoscript/fileName/NotificationBar.cs: 0cdf409b5aa8d4c25876d72b5c6a3b60 -> 0daf459fa0c4269b16bcc20cd072c021
  custom:scripting/monoscript/fileName/UnityThreadWaiter.cs: 0cdf409b5aa8d4c25876d72b5c6a3b60 -> 99333406d92d10003984b4d1920de2f9
  custom:scripting/monoscript/fileName/HistoryTab.cs: 90647cc400823b41df847a6cbfc29026 -> d57f000c65fde42a2228c7a105a836e5
  custom:scripting/monoscript/fileName/CreateRepositoryDialog.cs: 90647cc400823b41df847a6cbfc29026 -> 5cec3e66b09e0dbe1f805953c5c64af9
  custom:scripting/monoscript/fileName/ViewSwitcher.cs: 90647cc400823b41df847a6cbfc29026 -> 1700c042de8c16a5c0f6851d66df802a
  custom:CustomObjectIndexerAttribute: 756ad292c208cfabdd7b50bc23989ffe -> 
  custom:container-demuxer-webm: 4f35f7cbe854078d1ac9338744f61a02 -> 
  custom:scripting/monoscript/fileName/UpdateReportDialog.cs: d1628edb27b556e9e45af714e1b3ce2e -> 087837d8f73228f1a817d0de82c77260
  custom:scripting/monoscript/fileName/LaunchCheckinConflictsDialog.cs: 90647cc400823b41df847a6cbfc29026 -> e2c1e3f8f4e14a62e4363fe6259adbc2
  custom:scripting/monoscript/fileName/CreateWorkspaceView.cs: 849ed7f5b11c9db237ef61b01c5a5104 -> 04b4ce6556541af6541e1f1c2ea97052
  custom:scripting/monoscript/fileName/NCalcParser.cs: db61961eecf05360f8f4faca73024b2f -> 8e26acbdb2328e839bb63f98d07bd324
  custom:scripting/monoscript/fileName/CheckinDialog.cs: 0cdf409b5aa8d4c25876d72b5c6a3b60 -> 702fdb8d0a3b4bfcb9ba109e71325cad
  custom:container-muxer-webm: aa71ff27fc2769a1b78a27578f13a17b -> 
  custom:scripting/monoscript/fileName/EditorProgressControls.cs: 90647cc400823b41df847a6cbfc29026 -> 2e606eb01a6e6a567f3de9a0379ed3ae
  custom:video-decoder-webm-vp8: 9c59270c3fd7afecdb556c50c9e8de78 -> 
  custom:scripting/monoscript/fileName/ChangesetsTab.cs: 0cdf409b5aa8d4c25876d72b5c6a3b60 -> 46dde8f7856048792ad2e75490bb8c5e
  custom:SearchIndexIgnoredProperties: e643bd26f0fe6173181afceb89e7c659 -> 
  custom:AudioImporter_EditorPlatform: d09bf68614088b80899f8185d706f6e7 -> 
  custom:scripting/monoscript/fileName/CoverageReportGenerator.cs: 3ea35e588ed069770179d8d4e363e731 -> 14395a927aaa58c17afbfc10d0d33478
  custom:scripting/monoscript/fileName/DiffPanel.cs: 90647cc400823b41df847a6cbfc29026 -> 210366dab3631628227b9406f87a9b7f
  custom:scripting/monoscript/fileName/ProgressOperationHandler.cs: 8da79525110cdcf421ce08e37577cfbc -> ec62666c0ca1649dd33cc6bc6834c6f7
  custom:scripting/monoscript/fileName/UnityPlasticTimer.cs: 0cdf409b5aa8d4c25876d72b5c6a3b60 -> 6c887e722e951c2964523825cad70c4c
  custom:scripting/monoscript/fileName/ConfirmContinueWithPendingChangesDialog.cs: 0fd6c484965f7cb9b268e798298a9886 -> 77462b1904ad8f6fee2f8da4523d59fe
  custom:scripting/monoscript/fileName/ChannelCertificateUiImpl.cs: 90647cc400823b41df847a6cbfc29026 -> cefccf1e13b7bcf15e3c9f2dd4cd2fc8
  custom:scripting/monoscript/fileName/RepositoryExplorerDialog.cs: 0cdf409b5aa8d4c25876d72b5c6a3b60 -> eea34924da79ad7254f3e141a891c78d
  custom:video-encoder-webm-vp8: eb34c28f22e8b96e1ab97ce403110664 -> 
  custom:scripting/monoscript/fileName/AutoLogin.cs: 90647cc400823b41df847a6cbfc29026 -> cac363a2d5471994de278e71f937b032
  custom:audio-decoder-ogg-vorbis: bf7c407c2cedff20999df2af8eb42d56 -> 
  custom:scripting/monoscript/fileName/LaunchDependenciesDialog.cs: 90647cc400823b41df847a6cbfc29026 -> 2cabf22eb95430074b6c730a84e03493
  custom:scripting/monoscript/fileName/CloudEditionWelcomeWindow.cs: c1777a498406cd95bc755aaf92ab946f -> b1721e471183956468462f6b64901640
  custom:scripting/monoscript/fileName/CredentialsUIImpl.cs: 90647cc400823b41df847a6cbfc29026 -> dbacf67c37819fd95562fe169e706732
  custom:scripting/monoscript/fileName/UnityPlasticGuiMessage.cs: 90647cc400823b41df847a6cbfc29026 -> 24eef0792e3802809607a7f9d04b8f1d
  custom:scripting/monoscript/fileName/BranchesTab.cs: 90647cc400823b41df847a6cbfc29026 -> 57c33f76c527a5aba4d269245ffff188
  custom:audio-encoder-webm-vorbis: bf7c407c2cedff20999df2af8eb42d56 -> 
  custom:scripting/monoscript/fileName/PlasticWindow.cs: 0cdf409b5aa8d4c25876d72b5c6a3b60 -> fc467478941f610919bc69526ba2c215
========================================================================
Received Prepare
Begin MonoManager ReloadAssembly
- Loaded All Assemblies, in  0.418 seconds
Refreshing native plugins compatible for Editor in 2.69 ms, found 3 plugins.
Native extension for WindowsStandalone target not found
Native extension for Android target not found
[Package Manager] Server::EnsureServerProcessIsRunning -- launch failed, reason: Unity was launched with the -noUpm command-line argument
[Package Manager] UpmClient::Send -- Unable to send message (not connected to UPM process).
[Package Manager] Cannot connect to Unity Package Manager local server
Mono: successfully reloaded assembly
- Finished resetting the current domain, in  0.721 seconds
Domain Reload Profiling: 1137ms
	BeginReloadAssembly (150ms)
		ExecutionOrderSort (0ms)
		DisableScriptedObjects (4ms)
		BackupInstance (0ms)
		ReleaseScriptingObjects (0ms)
		CreateAndSetChildDomain (44ms)
	RebuildCommonClasses (29ms)
	RebuildNativeTypeToScriptingClass (12ms)
	initialDomainReloadingComplete (24ms)
	LoadAllAssembliesAndSetupDomain (201ms)
		LoadAssemblies (252ms)
		RebuildTransferFunctionScriptingTraits (0ms)
		AnalyzeDomain (13ms)
			TypeCache.Refresh (8ms)
				TypeCache.ScanAssembly (0ms)
			ScanForSourceGeneratedMonoScriptInfo (0ms)
			ResolveRequiredComponents (4ms)
	FinalizeReload (721ms)
		ReleaseScriptCaches (0ms)
		RebuildScriptCaches (0ms)
		SetupLoadedEditorAssemblies (360ms)
			LogAssemblyErrors (0ms)
			InitializePlatformSupportModulesInManaged (20ms)
			SetLoadedEditorAssemblies (3ms)
			RefreshPlugins (0ms)
			BeforeProcessingInitializeOnLoad (51ms)
			ProcessInitializeOnLoadAttributes (256ms)
			ProcessInitializeOnLoadMethodAttributes (23ms)
			AfterProcessingInitializeOnLoad (6ms)
			EditorAssembliesLoaded (0ms)
		ExecutionOrderSort2 (0ms)
		AwakeInstancesAfterBackupRestoration (8ms)
Refreshing native plugins compatible for Editor in 2.56 ms, found 3 plugins.
Preloading 0 native plugins for Editor in 0.00 ms.
Unloading 3137 Unused Serialized files (Serialized files now loaded: 0)
Unloading 28 unused Assets / (327.2 KB). Loaded Objects now: 3654.
Memory consumption went from 206.2 MB to 205.9 MB.
Total: 3.290600 ms (FindLiveObjects: 0.226100 ms CreateObjectMapping: 0.137300 ms MarkObjects: 2.715400 ms  DeleteObjects: 0.210200 ms)

Prepare: number of updated asset objects reloaded= 0
AssetImportParameters requested are different than current active one (requested -> active):
  custom:scripting/monoscript/fileName/IncomingChangesTab.cs: 8f6297df34271fdb1ce2d9607ec6261d -> af2f8b65a736cbc2c6197311f8f8caf3
  custom:scripting/monoscript/fileName/IncomingChangesNotifier.cs: 8f6297df34271fdb1ce2d9607ec6261d -> 10fad815611441fb3a805150421ed991
  custom:container-demuxer-ogg: 62fdf1f143b41e24485cea50d1cbac27 -> 
  custom:scripting/monoscript/fileName/ProgressControlsForDialogs.cs: a53f96815da50de15010b1c479bc70cf -> 7e6bd1727985204e3b64e1946e589b1c
  custom:scripting/monoscript/fileName/SSOCredentialsDialog.cs: 90647cc400823b41df847a6cbfc29026 -> e140ede12a96f68f30062138385171c3
  custom:video-codec-MediaFoundation-h265: 746d11721c4dcdbdad8f713fa42b33f4 -> 
  custom:scripting/monoscript/fileName/RepositoriesListView.cs: 90647cc400823b41df847a6cbfc29026 -> 95287f65338ca0073ad04002a16eaaf7
  custom:video-decoder-ogg-theora: a1e56fd34408186e4bbccfd4996cb3dc -> 
  custom:framework-win-MediaFoundation: 216162199b28c13a410421893ffa2e32 -> 
  custom:scripting/monoscript/fileName/ProgressControlsForViews.cs: 0cdf409b5aa8d4c25876d72b5c6a3b60 -> a8a18a90f46aa63848e1e45d8d7ff9af
  custom:scripting/monoscript/fileName/MissingEncryptionPasswordPromptHandler.cs: 90647cc400823b41df847a6cbfc29026 -> 5d7b9646eb14a39b6d3d5bab19d266ff
  custom:scripting/monoscript/fileName/NotificationBar.cs: 0cdf409b5aa8d4c25876d72b5c6a3b60 -> 0daf459fa0c4269b16bcc20cd072c021
  custom:scripting/monoscript/fileName/UnityThreadWaiter.cs: 0cdf409b5aa8d4c25876d72b5c6a3b60 -> 99333406d92d10003984b4d1920de2f9
  custom:scripting/monoscript/fileName/HistoryTab.cs: 90647cc400823b41df847a6cbfc29026 -> d57f000c65fde42a2228c7a105a836e5
  custom:scripting/monoscript/fileName/CreateRepositoryDialog.cs: 90647cc400823b41df847a6cbfc29026 -> 5cec3e66b09e0dbe1f805953c5c64af9
  custom:scripting/monoscript/fileName/ViewSwitcher.cs: 90647cc400823b41df847a6cbfc29026 -> 1700c042de8c16a5c0f6851d66df802a
  custom:CustomObjectIndexerAttribute: 756ad292c208cfabdd7b50bc23989ffe -> 
  custom:container-demuxer-webm: 4f35f7cbe854078d1ac9338744f61a02 -> 
  custom:scripting/monoscript/fileName/UpdateReportDialog.cs: d1628edb27b556e9e45af714e1b3ce2e -> 087837d8f73228f1a817d0de82c77260
  custom:scripting/monoscript/fileName/LaunchCheckinConflictsDialog.cs: 90647cc400823b41df847a6cbfc29026 -> e2c1e3f8f4e14a62e4363fe6259adbc2
  custom:scripting/monoscript/fileName/CreateWorkspaceView.cs: 849ed7f5b11c9db237ef61b01c5a5104 -> 04b4ce6556541af6541e1f1c2ea97052
  custom:scripting/monoscript/fileName/NCalcParser.cs: db61961eecf05360f8f4faca73024b2f -> 8e26acbdb2328e839bb63f98d07bd324
  custom:scripting/monoscript/fileName/CheckinDialog.cs: 0cdf409b5aa8d4c25876d72b5c6a3b60 -> 702fdb8d0a3b4bfcb9ba109e71325cad
  custom:container-muxer-webm: aa71ff27fc2769a1b78a27578f13a17b -> 
  custom:scripting/monoscript/fileName/EditorProgressControls.cs: 90647cc400823b41df847a6cbfc29026 -> 2e606eb01a6e6a567f3de9a0379ed3ae
  custom:video-decoder-webm-vp8: 9c59270c3fd7afecdb556c50c9e8de78 -> 
  custom:scripting/monoscript/fileName/ChangesetsTab.cs: 0cdf409b5aa8d4c25876d72b5c6a3b60 -> 46dde8f7856048792ad2e75490bb8c5e
  custom:SearchIndexIgnoredProperties: e643bd26f0fe6173181afceb89e7c659 -> 
  custom:AudioImporter_EditorPlatform: d09bf68614088b80899f8185d706f6e7 -> 
  custom:scripting/monoscript/fileName/CoverageReportGenerator.cs: 3ea35e588ed069770179d8d4e363e731 -> 14395a927aaa58c17afbfc10d0d33478
  custom:scripting/monoscript/fileName/DiffPanel.cs: 90647cc400823b41df847a6cbfc29026 -> 210366dab3631628227b9406f87a9b7f
  custom:scripting/monoscript/fileName/ProgressOperationHandler.cs: 8da79525110cdcf421ce08e37577cfbc -> ec62666c0ca1649dd33cc6bc6834c6f7
  custom:scripting/monoscript/fileName/UnityPlasticTimer.cs: 0cdf409b5aa8d4c25876d72b5c6a3b60 -> 6c887e722e951c2964523825cad70c4c
  custom:scripting/monoscript/fileName/ConfirmContinueWithPendingChangesDialog.cs: 0fd6c484965f7cb9b268e798298a9886 -> 77462b1904ad8f6fee2f8da4523d59fe
  custom:scripting/monoscript/fileName/ChannelCertificateUiImpl.cs: 90647cc400823b41df847a6cbfc29026 -> cefccf1e13b7bcf15e3c9f2dd4cd2fc8
  custom:scripting/monoscript/fileName/RepositoryExplorerDialog.cs: 0cdf409b5aa8d4c25876d72b5c6a3b60 -> eea34924da79ad7254f3e141a891c78d
  custom:video-encoder-webm-vp8: eb34c28f22e8b96e1ab97ce403110664 -> 
  custom:scripting/monoscript/fileName/AutoLogin.cs: 90647cc400823b41df847a6cbfc29026 -> cac363a2d5471994de278e71f937b032
  custom:audio-decoder-ogg-vorbis: bf7c407c2cedff20999df2af8eb42d56 -> 
  custom:scripting/monoscript/fileName/LaunchDependenciesDialog.cs: 90647cc400823b41df847a6cbfc29026 -> 2cabf22eb95430074b6c730a84e03493
  custom:scripting/monoscript/fileName/CloudEditionWelcomeWindow.cs: c1777a498406cd95bc755aaf92ab946f -> b1721e471183956468462f6b64901640
  custom:scripting/monoscript/fileName/CredentialsUIImpl.cs: 90647cc400823b41df847a6cbfc29026 -> dbacf67c37819fd95562fe169e706732
  custom:scripting/monoscript/fileName/UnityPlasticGuiMessage.cs: 90647cc400823b41df847a6cbfc29026 -> 24eef0792e3802809607a7f9d04b8f1d
  custom:scripting/monoscript/fileName/BranchesTab.cs: 90647cc400823b41df847a6cbfc29026 -> 57c33f76c527a5aba4d269245ffff188
  custom:audio-encoder-webm-vorbis: bf7c407c2cedff20999df2af8eb42d56 -> 
  custom:scripting/monoscript/fileName/PlasticWindow.cs: 0cdf409b5aa8d4c25876d72b5c6a3b60 -> fc467478941f610919bc69526ba2c215
========================================================================
Received Import Request.
  Time since last request: 1174.921401 seconds.
  path: Assets/Interface/Room-Default/Frame 108.png
  artifactKey: Guid(31b7d3ace02f7414a8ea821d4cbc9f96) Importer(815301076,1909f56bfc062723c751e8b465ee728b)
Start importing Assets/Interface/Room-Default/Frame 108.png using Guid(31b7d3ace02f7414a8ea821d4cbc9f96) Importer(815301076,1909f56bfc062723c751e8b465ee728b)  -> (artifact id: 'f0d8ad0bcc260120a17b64c2f19c9265') in 0.070222 seconds
Number of updated asset objects reloaded before import = 0
Number of asset objects unloaded after import = 3
========================================================================
Received Import Request.
  Time since last request: 0.024751 seconds.
  path: Assets/Scripts/Camera/Resources/IconProducts/gameHeadphones.png
  artifactKey: Guid(6213c79d9b3f2cb4184ceb9598314485) Importer(815301076,1909f56bfc062723c751e8b465ee728b)
Start importing Assets/Scripts/Camera/Resources/IconProducts/gameHeadphones.png using Guid(6213c79d9b3f2cb4184ceb9598314485) Importer(815301076,1909f56bfc062723c751e8b465ee728b)  -> (artifact id: 'e1907540c45dda01ad3a61264f2f41d1') in 0.015509 seconds
Number of updated asset objects reloaded before import = 0
Number of asset objects unloaded after import = 3
========================================================================
Received Import Request.
  Time since last request: 0.000024 seconds.
  path: Assets/Interface/Room-Default/gold2 1.png
  artifactKey: Guid(c1916672cc6b0d24783603370f4ff0fd) Importer(815301076,1909f56bfc062723c751e8b465ee728b)
Start importing Assets/Interface/Room-Default/gold2 1.png using Guid(c1916672cc6b0d24783603370f4ff0fd) Importer(815301076,1909f56bfc062723c751e8b465ee728b)  -> (artifact id: 'c104c556df081ec243941814a7f1ee41') in 0.014126 seconds
Number of updated asset objects reloaded before import = 0
Number of asset objects unloaded after import = 3
========================================================================
Received Import Request.
  Time since last request: 0.000018 seconds.
  path: Assets/Scripts/Camera/Resources/IconProducts/middleComputer.png
  artifactKey: Guid(b35d867b469f22443ba120e40ca8d339) Importer(815301076,1909f56bfc062723c751e8b465ee728b)
Start importing Assets/Scripts/Camera/Resources/IconProducts/middleComputer.png using Guid(b35d867b469f22443ba120e40ca8d339) Importer(815301076,1909f56bfc062723c751e8b465ee728b)  -> (artifact id: 'c35baea8febbc3c578594f42151b86b6') in 0.011715 seconds
Number of updated asset objects reloaded before import = 0
Number of asset objects unloaded after import = 3
========================================================================
Received Import Request.
  Time since last request: 0.000018 seconds.
  path: Assets/Scripts/Camera/Resources/iconQuestion.png
  artifactKey: Guid(1016256fe2e6b5947bd21f58055d0cc5) Importer(815301076,1909f56bfc062723c751e8b465ee728b)
Start importing Assets/Scripts/Camera/Resources/iconQuestion.png using Guid(1016256fe2e6b5947bd21f58055d0cc5) Importer(815301076,1909f56bfc062723c751e8b465ee728b)  -> (artifact id: '39975afb677801158a44bb3de57334da') in 0.013527 seconds
Number of updated asset objects reloaded before import = 0
Number of asset objects unloaded after import = 3
========================================================================
Received Import Request.
  Time since last request: 0.000017 seconds.
  path: Assets/Interface/Room-Default/money2 1.png
  artifactKey: Guid(4a9db37dc8b1b1b4087001ac618a9256) Importer(815301076,1909f56bfc062723c751e8b465ee728b)
Start importing Assets/Interface/Room-Default/money2 1.png using Guid(4a9db37dc8b1b1b4087001ac618a9256) Importer(815301076,1909f56bfc062723c751e8b465ee728b)  -> (artifact id: '8abdee452d592bfb8a4055771bb5ea44') in 0.013234 seconds
Number of updated asset objects reloaded before import = 0
Number of asset objects unloaded after import = 3
========================================================================
Received Import Request.
  Time since last request: 0.000018 seconds.
  path: Assets/Interface/Room-Default/NavBar.png
  artifactKey: Guid(4dfa6b640844fe14ba0eb8d6e026635d) Importer(815301076,1909f56bfc062723c751e8b465ee728b)
Start importing Assets/Interface/Room-Default/NavBar.png using Guid(4dfa6b640844fe14ba0eb8d6e026635d) Importer(815301076,1909f56bfc062723c751e8b465ee728b)  -> (artifact id: 'be031526887563ed4e79f0bfc68baa14') in 0.013887 seconds
Number of updated asset objects reloaded before import = 0
Number of asset objects unloaded after import = 3
========================================================================
Received Import Request.
  Time since last request: 0.000015 seconds.
  path: Assets/Scripts/Camera/Resources/IconProducts/newKeyboard.png
  artifactKey: Guid(7eed2c47f685c0a4fb796e5ca3e23c05) Importer(815301076,1909f56bfc062723c751e8b465ee728b)
Start importing Assets/Scripts/Camera/Resources/IconProducts/newKeyboard.png using Guid(7eed2c47f685c0a4fb796e5ca3e23c05) Importer(815301076,1909f56bfc062723c751e8b465ee728b)  -> (artifact id: '4e5acc277de6f3d17bb18f1da5202141') in 0.011667 seconds
Number of updated asset objects reloaded before import = 0
Number of asset objects unloaded after import = 3
========================================================================
Received Import Request.
  Time since last request: 0.000016 seconds.
  path: Assets/Scripts/Camera/Resources/IconProducts/IconProducts 1/newPhone.png
  artifactKey: Guid(dd44abb0393768b449bb3b1522dd105d) Importer(815301076,1909f56bfc062723c751e8b465ee728b)
Start importing Assets/Scripts/Camera/Resources/IconProducts/IconProducts 1/newPhone.png using Guid(dd44abb0393768b449bb3b1522dd105d) Importer(815301076,1909f56bfc062723c751e8b465ee728b)  -> (artifact id: 'f55a98aaf7156f8da78c23cdc0b3e845') in 0.012363 seconds
Number of updated asset objects reloaded before import = 0
Number of asset objects unloaded after import = 3
========================================================================
Received Import Request.
  Time since last request: 0.000017 seconds.
  path: Assets/Scripts/Camera/Resources/IconProducts/IconProducts 1/IconProducts/middlePhone.png
  artifactKey: Guid(cbfde05285356d14da9bb2df4116f144) Importer(815301076,1909f56bfc062723c751e8b465ee728b)
Start importing Assets/Scripts/Camera/Resources/IconProducts/IconProducts 1/IconProducts/middlePhone.png using Guid(cbfde05285356d14da9bb2df4116f144) Importer(815301076,1909f56bfc062723c751e8b465ee728b)  -> (artifact id: '0c7feddb30c65fbd9729feabdb4925ec') in 0.012560 seconds
Number of updated asset objects reloaded before import = 0
Number of asset objects unloaded after import = 3
========================================================================
Received Import Request.
  Time since last request: 0.000017 seconds.
  path: Assets/Scripts/Camera/Resources/IconProducts/IconProducts/newPhone.png
  artifactKey: Guid(dbb4857f3b628014f9b09bc370ffcff3) Importer(815301076,1909f56bfc062723c751e8b465ee728b)
Start importing Assets/Scripts/Camera/Resources/IconProducts/IconProducts/newPhone.png using Guid(dbb4857f3b628014f9b09bc370ffcff3) Importer(815301076,1909f56bfc062723c751e8b465ee728b)  -> (artifact id: '88a123fd91c4cf0d5d242c2f5916071b') in 0.012192 seconds
Number of updated asset objects reloaded before import = 0
Number of asset objects unloaded after import = 3
========================================================================
Received Import Request.
  Time since last request: 0.000015 seconds.
  path: Assets/Scripts/Camera/Resources/IconProducts/newMicrov.png
  artifactKey: Guid(7542408592e512345aafe64862f0a991) Importer(815301076,1909f56bfc062723c751e8b465ee728b)
Start importing Assets/Scripts/Camera/Resources/IconProducts/newMicrov.png using Guid(7542408592e512345aafe64862f0a991) Importer(815301076,1909f56bfc062723c751e8b465ee728b)  -> (artifact id: 'b33ffd2bf6b06e09855d9525a32d9850') in 0.013340 seconds
Number of updated asset objects reloaded before import = 0
Number of asset objects unloaded after import = 3
========================================================================
Received Import Request.
  Time since last request: 0.000013 seconds.
  path: Assets/Scripts/Camera/Resources/IconProducts/middleBluetoothSpeaker.png
  artifactKey: Guid(e3c10708b7a244440937c439f9335dbd) Importer(815301076,1909f56bfc062723c751e8b465ee728b)
Start importing Assets/Scripts/Camera/Resources/IconProducts/middleBluetoothSpeaker.png using Guid(e3c10708b7a244440937c439f9335dbd) Importer(815301076,1909f56bfc062723c751e8b465ee728b)  -> (artifact id: '615dba8e95e705ad5bfe2ae1781a9b7b') in 0.013671 seconds
Number of updated asset objects reloaded before import = 0
Number of asset objects unloaded after import = 3
========================================================================
Received Import Request.
  Time since last request: 9.613711 seconds.
  path: Assets/Models/Room01/Book01.mat
  artifactKey: Guid(0e407577816d86a439fa9ce05ad4957f) Importer(815301076,1909f56bfc062723c751e8b465ee728b)
Start importing Assets/Models/Room01/Book01.mat using Guid(0e407577816d86a439fa9ce05ad4957f) Importer(815301076,1909f56bfc062723c751e8b465ee728b)  -> (artifact id: 'bdd7a4f077b6e2d881b74ee5638ba967') in 0.041662 seconds
Number of updated asset objects reloaded before import = 0
Number of asset objects unloaded after import = 1
========================================================================
Received Import Request.
  Time since last request: 0.000034 seconds.
  path: Assets/Models/Box01/Box01.mat
  artifactKey: Guid(9435af4e35bf6a04984ad3166c4b5526) Importer(815301076,1909f56bfc062723c751e8b465ee728b)
Start importing Assets/Models/Box01/Box01.mat using Guid(9435af4e35bf6a04984ad3166c4b5526) Importer(815301076,1909f56bfc062723c751e8b465ee728b)  -> (artifact id: '4e6bda0c9caca3d5c14e21905e81aca3') in 0.007338 seconds
Number of updated asset objects reloaded before import = 0
Number of asset objects unloaded after import = 1
========================================================================
Received Import Request.
  Time since last request: 0.000019 seconds.
  path: Assets/Models/Room01/Book02.mat
  artifactKey: Guid(2ed0aa6d0ce2b5842aef784a4532312c) Importer(815301076,1909f56bfc062723c751e8b465ee728b)
Start importing Assets/Models/Room01/Book02.mat using Guid(2ed0aa6d0ce2b5842aef784a4532312c) Importer(815301076,1909f56bfc062723c751e8b465ee728b)  -> (artifact id: 'a1c20b460e51e7dd9e642a8fd8927f36') in 0.007023 seconds
Number of updated asset objects reloaded before import = 0
Number of asset objects unloaded after import = 1
========================================================================
Received Import Request.
  Time since last request: 0.000017 seconds.
  path: Assets/Models/Box02/Box02.mat
  artifactKey: Guid(7d449261f343d1e4cb266824c71e37c8) Importer(815301076,1909f56bfc062723c751e8b465ee728b)
Start importing Assets/Models/Box02/Box02.mat using Guid(7d449261f343d1e4cb266824c71e37c8) Importer(815301076,1909f56bfc062723c751e8b465ee728b)  -> (artifact id: 'ab40922181dc4837b41bbde7e1fa94f3') in 0.007141 seconds
Number of updated asset objects reloaded before import = 0
Number of asset objects unloaded after import = 1
========================================================================
Received Import Request.
  Time since last request: 0.000139 seconds.
  path: Assets/Models/Room01/Box02.mat
  artifactKey: Guid(7db18af46e4bf5c4493fcfee5e486509) Importer(815301076,1909f56bfc062723c751e8b465ee728b)
Start importing Assets/Models/Room01/Box02.mat using Guid(7db18af46e4bf5c4493fcfee5e486509) Importer(815301076,1909f56bfc062723c751e8b465ee728b)  -> (artifact id: '3f36c3942e86cb4a92b902c20c4aa4ef') in 0.006379 seconds
Number of updated asset objects reloaded before import = 0
Number of asset objects unloaded after import = 1
========================================================================
Received Import Request.
  Time since last request: 0.000016 seconds.
  path: Assets/Models/Box01/Box03.mat
  artifactKey: Guid(856746eae1c51b94988189eef182b2cf) Importer(815301076,1909f56bfc062723c751e8b465ee728b)
Start importing Assets/Models/Box01/Box03.mat using Guid(856746eae1c51b94988189eef182b2cf) Importer(815301076,1909f56bfc062723c751e8b465ee728b)  -> (artifact id: '6840435035ced376445659aaf2604bd7') in 0.005699 seconds
Number of updated asset objects reloaded before import = 0
Number of asset objects unloaded after import = 1
========================================================================
Received Import Request.
  Time since last request: 0.000013 seconds.
  path: Assets/Models/Box02/Box04.mat
  artifactKey: Guid(69b501372c6e5d242ae4094d2e297259) Importer(815301076,1909f56bfc062723c751e8b465ee728b)
Start importing Assets/Models/Box02/Box04.mat using Guid(69b501372c6e5d242ae4094d2e297259) Importer(815301076,1909f56bfc062723c751e8b465ee728b)  -> (artifact id: '07927d61be8b4896f4b1f09ea918d181') in 0.005709 seconds
Number of updated asset objects reloaded before import = 0
Number of asset objects unloaded after import = 1
