Using pre-set license
Built from '2022.3/staging' branch; Version is '2022.3.4f1 (35713cd46cd7) revision 3502396'; Using compiler version '192829333'; Build Type 'Release'
OS: 'Windows 11  (10.0.22621) 64bit Professional' Language: 'ru' Physical Memory: 20273 MB
BatchMode: 1, IsHumanControllingUs: 0, StartBugReporterOnCrash: 0, Is64bit: 1, IsPro: 1

COMMAND LINE ARGUMENTS:
C:\Program Files\Unity\Hub\Editor\2022.3.4f1\Editor\Unity.exe
-adb2
-batchMode
-noUpm
-name
AssetImportWorker0
-projectPath
M:/SellerSimulator/SellerSimulator/SellerSimulator
-logFile
Logs/AssetImportWorker0.log
-srvPort
49936
Successfully changed project path to: M:/SellerSimulator/SellerSimulator/SellerSimulator
M:/SellerSimulator/SellerSimulator/SellerSimulator
[UnityMemory] Configuration Parameters - Can be set up in boot.config
    "memorysetup-bucket-allocator-granularity=16"
    "memorysetup-bucket-allocator-bucket-count=8"
    "memorysetup-bucket-allocator-block-size=33554432"
    "memorysetup-bucket-allocator-block-count=8"
    "memorysetup-main-allocator-block-size=16777216"
    "memorysetup-thread-allocator-block-size=16777216"
    "memorysetup-gfx-main-allocator-block-size=16777216"
    "memorysetup-gfx-thread-allocator-block-size=16777216"
    "memorysetup-cache-allocator-block-size=4194304"
    "memorysetup-typetree-allocator-block-size=2097152"
    "memorysetup-profiler-bucket-allocator-granularity=16"
    "memorysetup-profiler-bucket-allocator-bucket-count=8"
    "memorysetup-profiler-bucket-allocator-block-size=33554432"
    "memorysetup-profiler-bucket-allocator-block-count=8"
    "memorysetup-profiler-allocator-block-size=16777216"
    "memorysetup-profiler-editor-allocator-block-size=1048576"
    "memorysetup-temp-allocator-size-main=16777216"
    "memorysetup-job-temp-allocator-block-size=2097152"
    "memorysetup-job-temp-allocator-block-size-background=1048576"
    "memorysetup-job-temp-allocator-reduction-small-platforms=262144"
    "memorysetup-allocator-temp-initial-block-size-main=262144"
    "memorysetup-allocator-temp-initial-block-size-worker=262144"
    "memorysetup-temp-allocator-size-background-worker=32768"
    "memorysetup-temp-allocator-size-job-worker=262144"
    "memorysetup-temp-allocator-size-preload-manager=33554432"
    "memorysetup-temp-allocator-size-nav-mesh-worker=65536"
    "memorysetup-temp-allocator-size-audio-worker=65536"
    "memorysetup-temp-allocator-size-cloud-worker=32768"
    "memorysetup-temp-allocator-size-gi-baking-worker=262144"
    "memorysetup-temp-allocator-size-gfx=262144"
Player connection [3008] Host "[IP] 192.168.1.115 [Port] 0 [Flags] 2 [Guid] 65712640 [EditorId] 65712640 [Version] 1048832 [Id] WindowsEditor(7,Windows) [Debug] 1 [PackageName] WindowsEditor [ProjectName] Editor" joined multi-casting on [225.0.0.222:54997]...

Player connection [3008] Host "[IP] 192.168.1.115 [Port] 0 [Flags] 2 [Guid] 65712640 [EditorId] 65712640 [Version] 1048832 [Id] WindowsEditor(7,Windows) [Debug] 1 [PackageName] WindowsEditor [ProjectName] Editor" joined alternative multi-casting on [225.0.0.222:34997]...

Refreshing native plugins compatible for Editor in 6.16 ms, found 3 plugins.
Preloading 0 native plugins for Editor in 0.00 ms.
Initialize engine version: 2022.3.4f1 (35713cd46cd7)
[Subsystems] Discovering subsystems at path C:/Program Files/Unity/Hub/Editor/2022.3.4f1/Editor/Data/Resources/UnitySubsystems
[Subsystems] Discovering subsystems at path M:/SellerSimulator/SellerSimulator/SellerSimulator/Assets
GfxDevice: creating device client; threaded=0; jobified=0
Direct3D:
    Version:  Direct3D 11.0 [level 11.1]
    Renderer: NVIDIA GeForce GTX 1070 (ID=0x1b81)
    Vendor:   NVIDIA
    VRAM:     8081 MB
    Driver:   31.0.15.3598
Initialize mono
Mono path[0] = 'C:/Program Files/Unity/Hub/Editor/2022.3.4f1/Editor/Data/Managed'
Mono path[1] = 'C:/Program Files/Unity/Hub/Editor/2022.3.4f1/Editor/Data/MonoBleedingEdge/lib/mono/unityjit-win32'
Mono config path = 'C:/Program Files/Unity/Hub/Editor/2022.3.4f1/Editor/Data/MonoBleedingEdge/etc'
Using monoOptions --debugger-agent=transport=dt_socket,embedding=1,server=y,suspend=n,address=127.0.0.1:56208
Begin MonoManager ReloadAssembly
Registering precompiled unity dll's ...
Register platform support module: C:/Program Files/Unity/Hub/Editor/2022.3.4f1/Editor/Data/PlaybackEngines/AndroidPlayer/UnityEditor.Android.Extensions.dll
Register platform support module: C:/Program Files/Unity/Hub/Editor/2022.3.4f1/Editor/Data/PlaybackEngines/iOSSupport/UnityEditor.iOS.Extensions.dll
Register platform support module: C:/Program Files/Unity/Hub/Editor/2022.3.4f1/Editor/Data/PlaybackEngines/WindowsStandaloneSupport/UnityEditor.WindowsStandalone.Extensions.dll
Registered in 0.008944 seconds.
- Loaded All Assemblies, in  0.288 seconds
Native extension for WindowsStandalone target not found
[usbmuxd] Start listen thread
[usbmuxd] Listen thread started
[usbmuxd] Send listen message
Native extension for iOS target not found
Native extension for Android target not found
Android Extension - Scanning For ADB Devices 237 ms
Mono: successfully reloaded assembly
- Finished resetting the current domain, in  0.518 seconds
Domain Reload Profiling: 804ms
	BeginReloadAssembly (72ms)
		ExecutionOrderSort (0ms)
		DisableScriptedObjects (0ms)
		BackupInstance (0ms)
		ReleaseScriptingObjects (0ms)
		CreateAndSetChildDomain (1ms)
	RebuildCommonClasses (28ms)
	RebuildNativeTypeToScriptingClass (9ms)
	initialDomainReloadingComplete (55ms)
	LoadAllAssembliesAndSetupDomain (122ms)
		LoadAssemblies (70ms)
		RebuildTransferFunctionScriptingTraits (0ms)
		AnalyzeDomain (116ms)
			TypeCache.Refresh (115ms)
				TypeCache.ScanAssembly (104ms)
			ScanForSourceGeneratedMonoScriptInfo (0ms)
			ResolveRequiredComponents (0ms)
	FinalizeReload (518ms)
		ReleaseScriptCaches (0ms)
		RebuildScriptCaches (0ms)
		SetupLoadedEditorAssemblies (470ms)
			LogAssemblyErrors (0ms)
			InitializePlatformSupportModulesInManaged (337ms)
			SetLoadedEditorAssemblies (3ms)
			RefreshPlugins (0ms)
			BeforeProcessingInitializeOnLoad (2ms)
			ProcessInitializeOnLoadAttributes (86ms)
			ProcessInitializeOnLoadMethodAttributes (42ms)
			AfterProcessingInitializeOnLoad (0ms)
			EditorAssembliesLoaded (0ms)
		ExecutionOrderSort2 (0ms)
		AwakeInstancesAfterBackupRestoration (0ms)
========================================================================
Worker process is ready to serve import requests
Begin MonoManager ReloadAssembly
Symbol file LoadedFromMemory doesn't match image M:\SellerSimulator\SellerSimulator\SellerSimulator\Library\PackageCache\com.unity.visualscripting@1.8.0\Editor\VisualScripting.Core\Dependencies\YamlDotNet\Unity.VisualScripting.YamlDotNet.dll
Symbol file LoadedFromMemory doesn't match image M:\SellerSimulator\SellerSimulator\SellerSimulator\Library\PackageCache\com.unity.visualscripting@1.8.0\Editor\VisualScripting.Core\Dependencies\DotNetZip\Unity.VisualScripting.IonicZip.dll
- Loaded All Assemblies, in  0.619 seconds
Refreshing native plugins compatible for Editor in 2.23 ms, found 3 plugins.
Native extension for WindowsStandalone target not found
Native extension for iOS target not found
Native extension for Android target not found
DisplayProgressbar: Restoring NuGet Packages
Mono: successfully reloaded assembly
- Finished resetting the current domain, in  0.582 seconds
Domain Reload Profiling: 1199ms
	BeginReloadAssembly (106ms)
		ExecutionOrderSort (0ms)
		DisableScriptedObjects (5ms)
		BackupInstance (0ms)
		ReleaseScriptingObjects (0ms)
		CreateAndSetChildDomain (20ms)
	RebuildCommonClasses (27ms)
	RebuildNativeTypeToScriptingClass (8ms)
	initialDomainReloadingComplete (38ms)
	LoadAllAssembliesAndSetupDomain (437ms)
		LoadAssemblies (236ms)
		RebuildTransferFunctionScriptingTraits (0ms)
		AnalyzeDomain (249ms)
			TypeCache.Refresh (236ms)
				TypeCache.ScanAssembly (222ms)
			ScanForSourceGeneratedMonoScriptInfo (11ms)
			ResolveRequiredComponents (3ms)
	FinalizeReload (583ms)
		ReleaseScriptCaches (0ms)
		RebuildScriptCaches (0ms)
		SetupLoadedEditorAssemblies (451ms)
			LogAssemblyErrors (0ms)
			InitializePlatformSupportModulesInManaged (30ms)
			SetLoadedEditorAssemblies (2ms)
			RefreshPlugins (0ms)
			BeforeProcessingInitializeOnLoad (53ms)
			ProcessInitializeOnLoadAttributes (342ms)
			ProcessInitializeOnLoadMethodAttributes (17ms)
			AfterProcessingInitializeOnLoad (6ms)
			EditorAssembliesLoaded (0ms)
		ExecutionOrderSort2 (0ms)
		AwakeInstancesAfterBackupRestoration (8ms)
Launched and connected shader compiler UnityShaderCompiler.exe after 0.04 seconds
Refreshing native plugins compatible for Editor in 2.70 ms, found 3 plugins.
Preloading 0 native plugins for Editor in 0.00 ms.
Unloading 3126 Unused Serialized files (Serialized files now loaded: 0)
Unloading 37 unused Assets / (354.8 KB). Loaded Objects now: 3603.
Memory consumption went from 201.1 MB to 200.8 MB.
Total: 3.312600 ms (FindLiveObjects: 0.234100 ms CreateObjectMapping: 0.185100 ms MarkObjects: 2.682900 ms  DeleteObjects: 0.209800 ms)

AssetImportParameters requested are different than current active one (requested -> active):
  custom:container-demuxer-ogg: 62fdf1f143b41e24485cea50d1cbac27 -> 
  custom:video-codec-MediaFoundation-h265: 746d11721c4dcdbdad8f713fa42b33f4 -> 
  custom:video-decoder-ogg-theora: a1e56fd34408186e4bbccfd4996cb3dc -> 
  custom:framework-win-MediaFoundation: 216162199b28c13a410421893ffa2e32 -> 
  custom:CustomObjectIndexerAttribute: 756ad292c208cfabdd7b50bc23989ffe -> 
  custom:container-demuxer-webm: 4f35f7cbe854078d1ac9338744f61a02 -> 
  custom:container-muxer-webm: aa71ff27fc2769a1b78a27578f13a17b -> 
  custom:video-decoder-webm-vp8: 9c59270c3fd7afecdb556c50c9e8de78 -> 
  custom:AudioImporter_EditorPlatform: d09bf68614088b80899f8185d706f6e7 -> 
  custom:video-encoder-webm-vp8: eb34c28f22e8b96e1ab97ce403110664 -> 
  custom:audio-decoder-ogg-vorbis: bf7c407c2cedff20999df2af8eb42d56 -> 
  custom:audio-encoder-webm-vorbis: bf7c407c2cedff20999df2af8eb42d56 -> 
========================================================================
Received Import Request.
  Time since last request: 343368.131006 seconds.
  path: Assets/Models
  artifactKey: Guid(d2a1100c3120a714294da62f6ffcb465) Importer(815301076,1909f56bfc062723c751e8b465ee728b)
Start importing Assets/Models using Guid(d2a1100c3120a714294da62f6ffcb465) Importer(815301076,1909f56bfc062723c751e8b465ee728b)  -> (artifact id: '0a749e2af55e67b6de4f6b5a1c78ac00') in 0.003007 seconds
Number of updated asset objects reloaded before import = 0
Number of asset objects unloaded after import = 0
========================================================================
Received Import Request.
  Time since last request: 1.438074 seconds.
  path: Assets/Models/Pallet
  artifactKey: Guid(448b3de4404c7194ca529951b0cb718e) Importer(815301076,1909f56bfc062723c751e8b465ee728b)
Start importing Assets/Models/Pallet using Guid(448b3de4404c7194ca529951b0cb718e) Importer(815301076,1909f56bfc062723c751e8b465ee728b)  -> (artifact id: '1cb8ff84e3e21cab0b75b8836ec07b9d') in 0.000433 seconds
Number of updated asset objects reloaded before import = 0
Number of asset objects unloaded after import = 0
========================================================================
Received Import Request.
  Time since last request: 5.066835 seconds.
  path: Assets/Models/Pallet/pallets.fbx
  artifactKey: Guid(c45155df891383e47a99b91519b8f0cc) Importer(815301076,1909f56bfc062723c751e8b465ee728b)
Start importing Assets/Models/Pallet/pallets.fbx using Guid(c45155df891383e47a99b91519b8f0cc) Importer(815301076,1909f56bfc062723c751e8b465ee728b)  -> (artifact id: '25daac0ba7a70823cf9701288123814b') in 0.117932 seconds
Number of updated asset objects reloaded before import = 0
Number of asset objects unloaded after import = 9
========================================================================
Received Import Request.
  Time since last request: 18.336046 seconds.
  path: Assets/Models/Pallet/pallets.fbx
  artifactKey: Guid(c45155df891383e47a99b91519b8f0cc) Importer(815301076,1909f56bfc062723c751e8b465ee728b)
Start importing Assets/Models/Pallet/pallets.fbx using Guid(c45155df891383e47a99b91519b8f0cc) Importer(815301076,1909f56bfc062723c751e8b465ee728b)  -> (artifact id: 'c14bda6c18bff3abf601d5b421dab3f1') in 0.013891 seconds
Number of updated asset objects reloaded before import = 0
Number of asset objects unloaded after import = 9
========================================================================
Received Import Request.
  Time since last request: 0.096387 seconds.
  path: Assets/Models/Pallet/Wood.001.mat
  artifactKey: Guid(e4c80ebe9f896854dbdaf2f02ca8ef29) Importer(815301076,1909f56bfc062723c751e8b465ee728b)
Start importing Assets/Models/Pallet/Wood.001.mat using Guid(e4c80ebe9f896854dbdaf2f02ca8ef29) Importer(815301076,1909f56bfc062723c751e8b465ee728b)  -> (artifact id: 'da60a928ac38b7eeb8fd752ff8e03759') in 0.013572 seconds
Number of updated asset objects reloaded before import = 0
Number of asset objects unloaded after import = 1
========================================================================
Received Import Request.
  Time since last request: 8.277641 seconds.
  path: Assets/Models/Shelving/Metal.001.mat
  artifactKey: Guid(994ed719cd9323e418c27e30ef0702dc) Importer(815301076,1909f56bfc062723c751e8b465ee728b)
Start importing Assets/Models/Shelving/Metal.001.mat using Guid(994ed719cd9323e418c27e30ef0702dc) Importer(815301076,1909f56bfc062723c751e8b465ee728b)  -> (artifact id: 'b26cf9129dc3f2dd6022dc952e799ac0') in 0.010172 seconds
Number of updated asset objects reloaded before import = 0
Number of asset objects unloaded after import = 1
========================================================================
Received Import Request.
  Time since last request: 0.001186 seconds.
  path: Assets/Models/Shelving/Wood.001.mat
  artifactKey: Guid(75e60522c9ca96542991bf2b230e56a3) Importer(815301076,1909f56bfc062723c751e8b465ee728b)
Start importing Assets/Models/Shelving/Wood.001.mat using Guid(75e60522c9ca96542991bf2b230e56a3) Importer(815301076,1909f56bfc062723c751e8b465ee728b)  -> (artifact id: '59b9b9be11e0a2c9f07fe6d76fadfe0a') in 0.010607 seconds
Number of updated asset objects reloaded before import = 0
Number of asset objects unloaded after import = 1
========================================================================
Received Import Request.
  Time since last request: 7.344052 seconds.
  path: Assets/Models/Shelving/Wood.mat
  artifactKey: Guid(b51107b13eb8325489a69c063e756f27) Importer(815301076,1909f56bfc062723c751e8b465ee728b)
Start importing Assets/Models/Shelving/Wood.mat using Guid(b51107b13eb8325489a69c063e756f27) Importer(815301076,1909f56bfc062723c751e8b465ee728b)  -> (artifact id: 'b9a20aac10190519c23c3ff38e59e701') in 0.006937 seconds
Number of updated asset objects reloaded before import = 0
Number of asset objects unloaded after import = 1
========================================================================
Received Import Request.
  Time since last request: 17.158621 seconds.
  path: Assets/Models/Warehouse01/Brick.mat
  artifactKey: Guid(12c07e916281c8748ab7a8b3e15ec4c7) Importer(815301076,1909f56bfc062723c751e8b465ee728b)
Start importing Assets/Models/Warehouse01/Brick.mat using Guid(12c07e916281c8748ab7a8b3e15ec4c7) Importer(815301076,1909f56bfc062723c751e8b465ee728b)  -> (artifact id: '5fd3c3abe231fe8d041b6b18d82537d4') in 0.021641 seconds
Number of updated asset objects reloaded before import = 0
Number of asset objects unloaded after import = 1
========================================================================
Received Import Request.
  Time since last request: 0.000019 seconds.
  path: Assets/Models/Warehouse01/Metal02.mat
  artifactKey: Guid(0003d11d7233e3147b7d13f5f5a1d24f) Importer(815301076,1909f56bfc062723c751e8b465ee728b)
Start importing Assets/Models/Warehouse01/Metal02.mat using Guid(0003d11d7233e3147b7d13f5f5a1d24f) Importer(815301076,1909f56bfc062723c751e8b465ee728b)  -> (artifact id: '42ac22dc585c32ce4b2be083fcf9d182') in 0.012167 seconds
Number of updated asset objects reloaded before import = 0
Number of asset objects unloaded after import = 1
========================================================================
Received Import Request.
  Time since last request: 0.000017 seconds.
  path: Assets/Models/Warehouse01/Pages.mat
  artifactKey: Guid(eb61d5a4449413746aeb0488eb27136d) Importer(815301076,1909f56bfc062723c751e8b465ee728b)
Start importing Assets/Models/Warehouse01/Pages.mat using Guid(eb61d5a4449413746aeb0488eb27136d) Importer(815301076,1909f56bfc062723c751e8b465ee728b)  -> (artifact id: 'a83c6f8d6dc3bf11795ab2ee3b4fb7cd') in 0.012412 seconds
Number of updated asset objects reloaded before import = 0
Number of asset objects unloaded after import = 1
========================================================================
Received Import Request.
  Time since last request: 0.000018 seconds.
  path: Assets/Models/Warehouse01/Metal04.mat
  artifactKey: Guid(d1829f82fd967a44abb25572cf845d1a) Importer(815301076,1909f56bfc062723c751e8b465ee728b)
Start importing Assets/Models/Warehouse01/Metal04.mat using Guid(d1829f82fd967a44abb25572cf845d1a) Importer(815301076,1909f56bfc062723c751e8b465ee728b)  -> (artifact id: 'ab427fde8e774f1785f62752861e0920') in 0.011818 seconds
Number of updated asset objects reloaded before import = 0
Number of asset objects unloaded after import = 1
========================================================================
Received Import Request.
  Time since last request: 0.517577 seconds.
  path: Assets/Models/Box01/box01.fbx
  artifactKey: Guid(b8171987dc788a142b2797026bf807b7) Importer(815301076,1909f56bfc062723c751e8b465ee728b)
Start importing Assets/Models/Box01/box01.fbx using Guid(b8171987dc788a142b2797026bf807b7) Importer(815301076,1909f56bfc062723c751e8b465ee728b)  -> (artifact id: 'f0831ada252fee7b02f9c62775a2f11c') in 0.020497 seconds
Number of updated asset objects reloaded before import = 0
Number of asset objects unloaded after import = 11
========================================================================
Received Import Request.
  Time since last request: 0.000017 seconds.
  path: Assets/Models/Box01/Box04.mat
  artifactKey: Guid(e58276f9477552645bd02e1dc255a20b) Importer(815301076,1909f56bfc062723c751e8b465ee728b)
Start importing Assets/Models/Box01/Box04.mat using Guid(e58276f9477552645bd02e1dc255a20b) Importer(815301076,1909f56bfc062723c751e8b465ee728b)  -> (artifact id: '3aff7067a39005272c29597133c88edf') in 0.012065 seconds
Number of updated asset objects reloaded before import = 0
Number of asset objects unloaded after import = 1
========================================================================
Received Import Request.
  Time since last request: 1.022331 seconds.
  path: Assets/Models/Background/background.fbx
  artifactKey: Guid(c4e0b2b48c9c0d34b91e7ce1606e7a75) Importer(815301076,1909f56bfc062723c751e8b465ee728b)
Start importing Assets/Models/Background/background.fbx using Guid(c4e0b2b48c9c0d34b91e7ce1606e7a75) Importer(815301076,1909f56bfc062723c751e8b465ee728b)  -> (artifact id: 'c9dcca6e9ee23b46b5e19234be41eb45') in 0.016904 seconds
Number of updated asset objects reloaded before import = 0
Number of asset objects unloaded after import = 8
========================================================================
Received Import Request.
  Time since last request: 0.454300 seconds.
  path: Assets/Models/Room01/Black.mat
  artifactKey: Guid(ab3fb41c7295db14d96df7082a474057) Importer(815301076,1909f56bfc062723c751e8b465ee728b)
Start importing Assets/Models/Room01/Black.mat using Guid(ab3fb41c7295db14d96df7082a474057) Importer(815301076,1909f56bfc062723c751e8b465ee728b)  -> (artifact id: 'a90c7b5301d51387118331405e296d36') in 0.013816 seconds
Number of updated asset objects reloaded before import = 0
Number of asset objects unloaded after import = 1
========================================================================
Received Import Request.
  Time since last request: 0.000018 seconds.
  path: Assets/Models/Room01/Wood.mat
  artifactKey: Guid(6f2bbc19c56b6d74d92e881e1a37652f) Importer(815301076,1909f56bfc062723c751e8b465ee728b)
Start importing Assets/Models/Room01/Wood.mat using Guid(6f2bbc19c56b6d74d92e881e1a37652f) Importer(815301076,1909f56bfc062723c751e8b465ee728b)  -> (artifact id: '6e0e7afea89531ff4f514342393cfed5') in 0.012096 seconds
Number of updated asset objects reloaded before import = 0
Number of asset objects unloaded after import = 1
========================================================================
Received Import Request.
  Time since last request: 0.000019 seconds.
  path: Assets/Models/Room01/Metal.mat
  artifactKey: Guid(338daa7e5d80f1c4686dcee243501cfc) Importer(815301076,1909f56bfc062723c751e8b465ee728b)
Start importing Assets/Models/Room01/Metal.mat using Guid(338daa7e5d80f1c4686dcee243501cfc) Importer(815301076,1909f56bfc062723c751e8b465ee728b)  -> (artifact id: '00cbfedc9df56bac8e7a6f3a508ad4d4') in 0.012626 seconds
Number of updated asset objects reloaded before import = 0
Number of asset objects unloaded after import = 1
========================================================================
Received Import Request.
  Time since last request: 0.000055 seconds.
  path: Assets/Models/Room01/Computer.001.mat
  artifactKey: Guid(43a5f4bc9cb83bd44a656b20ad5b94ac) Importer(815301076,1909f56bfc062723c751e8b465ee728b)
Start importing Assets/Models/Room01/Computer.001.mat using Guid(43a5f4bc9cb83bd44a656b20ad5b94ac) Importer(815301076,1909f56bfc062723c751e8b465ee728b)  -> (artifact id: '1491cefa0ba2091289e1cb68db500247') in 0.012803 seconds
Number of updated asset objects reloaded before import = 0
Number of asset objects unloaded after import = 1
========================================================================
Received Import Request.
  Time since last request: 0.000022 seconds.
  path: Assets/Models/Room01/Pages.mat
  artifactKey: Guid(cc8e21c1e51171440b5142ddba908028) Importer(815301076,1909f56bfc062723c751e8b465ee728b)
Start importing Assets/Models/Room01/Pages.mat using Guid(cc8e21c1e51171440b5142ddba908028) Importer(815301076,1909f56bfc062723c751e8b465ee728b)  -> (artifact id: 'd5bd5594caa1161a767dce478a7a9908') in 0.011757 seconds
Number of updated asset objects reloaded before import = 0
Number of asset objects unloaded after import = 1
========================================================================
Received Import Request.
  Time since last request: 0.000017 seconds.
  path: Assets/Models/Room01/Wall02.mat
  artifactKey: Guid(19e1db2ed5968ae4fb8563ea34e5d4f1) Importer(815301076,1909f56bfc062723c751e8b465ee728b)
Start importing Assets/Models/Room01/Wall02.mat using Guid(19e1db2ed5968ae4fb8563ea34e5d4f1) Importer(815301076,1909f56bfc062723c751e8b465ee728b)  -> (artifact id: 'f4c5763be55ade1ff61fc01e7ae4a73f') in 0.011454 seconds
Number of updated asset objects reloaded before import = 0
Number of asset objects unloaded after import = 1
========================================================================
Received Import Request.
  Time since last request: 0.000019 seconds.
  path: Assets/Models/Room01/Wood02.mat
  artifactKey: Guid(6ae74c23969f3314eb7d57c46f74dbf6) Importer(815301076,1909f56bfc062723c751e8b465ee728b)
Start importing Assets/Models/Room01/Wood02.mat using Guid(6ae74c23969f3314eb7d57c46f74dbf6) Importer(815301076,1909f56bfc062723c751e8b465ee728b)  -> (artifact id: '93cfd12ce97bbe62d8f49de58c68381d') in 0.011951 seconds
Number of updated asset objects reloaded before import = 0
Number of asset objects unloaded after import = 1
========================================================================
Received Import Request.
  Time since last request: 0.000018 seconds.
  path: Assets/Models/Room01/Red.mat
  artifactKey: Guid(0d9ec2549dbeeb445bf27ed6d197fb1c) Importer(815301076,1909f56bfc062723c751e8b465ee728b)
Start importing Assets/Models/Room01/Red.mat using Guid(0d9ec2549dbeeb445bf27ed6d197fb1c) Importer(815301076,1909f56bfc062723c751e8b465ee728b)  -> (artifact id: 'ab11856b79b8a5d24fa60816779a9b54') in 0.013503 seconds
Number of updated asset objects reloaded before import = 0
Number of asset objects unloaded after import = 1
========================================================================
Received Import Request.
  Time since last request: 0.000022 seconds.
  path: Assets/Models/Room01/Box02.mat
  artifactKey: Guid(7db18af46e4bf5c4493fcfee5e486509) Importer(815301076,1909f56bfc062723c751e8b465ee728b)
Start importing Assets/Models/Room01/Box02.mat using Guid(7db18af46e4bf5c4493fcfee5e486509) Importer(815301076,1909f56bfc062723c751e8b465ee728b)  -> (artifact id: 'fa1b27a3a94ff9831cc0bd3fa2024085') in 0.012827 seconds
Number of updated asset objects reloaded before import = 0
Number of asset objects unloaded after import = 1
========================================================================
Received Import Request.
  Time since last request: 0.000019 seconds.
  path: Assets/Models/Room01/Door01.mat
  artifactKey: Guid(f60e0679d9d7dbb4b86321da06ab3d02) Importer(815301076,1909f56bfc062723c751e8b465ee728b)
Start importing Assets/Models/Room01/Door01.mat using Guid(f60e0679d9d7dbb4b86321da06ab3d02) Importer(815301076,1909f56bfc062723c751e8b465ee728b)  -> (artifact id: 'fe2c9fbea7e86b1e652edca6ab1c7986') in 0.011343 seconds
Number of updated asset objects reloaded before import = 0
Number of asset objects unloaded after import = 1
========================================================================
Received Import Request.
  Time since last request: 0.000023 seconds.
  path: Assets/Models/Room01/Door02.mat
  artifactKey: Guid(51d64d92d3db1a842af4088d2ce23e34) Importer(815301076,1909f56bfc062723c751e8b465ee728b)
Start importing Assets/Models/Room01/Door02.mat using Guid(51d64d92d3db1a842af4088d2ce23e34) Importer(815301076,1909f56bfc062723c751e8b465ee728b)  -> (artifact id: 'ece0a18b3fc34e17af52695d55c45aa9') in 0.011261 seconds
Number of updated asset objects reloaded before import = 0
Number of asset objects unloaded after import = 1
========================================================================
Received Import Request.
  Time since last request: 0.000022 seconds.
  path: Assets/Models/Room01/Box03.mat
  artifactKey: Guid(f4073cddca5ac834f8ac03baebdfd613) Importer(815301076,1909f56bfc062723c751e8b465ee728b)
Start importing Assets/Models/Room01/Box03.mat using Guid(f4073cddca5ac834f8ac03baebdfd613) Importer(815301076,1909f56bfc062723c751e8b465ee728b)  -> (artifact id: '21ab723c22d97d6efdbcd150f559d68e') in 0.014125 seconds
Number of updated asset objects reloaded before import = 0
Number of asset objects unloaded after import = 1
========================================================================
Received Import Request.
  Time since last request: 0.000016 seconds.
  path: Assets/Models/Room01/Metal02.mat
  artifactKey: Guid(32ee02954ee61f742bb14ff53824ecda) Importer(815301076,1909f56bfc062723c751e8b465ee728b)
Start importing Assets/Models/Room01/Metal02.mat using Guid(32ee02954ee61f742bb14ff53824ecda) Importer(815301076,1909f56bfc062723c751e8b465ee728b)  -> (artifact id: 'c5a1f45d8f196bb3d1001245ad866039') in 0.012655 seconds
Number of updated asset objects reloaded before import = 0
Number of asset objects unloaded after import = 1
========================================================================
Received Import Request.
  Time since last request: 0.000020 seconds.
  path: Assets/Models/Room01/Computer.mat
  artifactKey: Guid(638fc4fca161f8d48bb3080ffff3b158) Importer(815301076,1909f56bfc062723c751e8b465ee728b)
Start importing Assets/Models/Room01/Computer.mat using Guid(638fc4fca161f8d48bb3080ffff3b158) Importer(815301076,1909f56bfc062723c751e8b465ee728b)  -> (artifact id: 'd253d080dd8efe86fcb9b86e9198f92e') in 0.011299 seconds
Number of updated asset objects reloaded before import = 0
Number of asset objects unloaded after import = 1
========================================================================
Received Import Request.
  Time since last request: 0.000028 seconds.
  path: Assets/Models/Room01/Box01.mat
  artifactKey: Guid(059b2fb1ee33ac543af372e52d23cd2e) Importer(815301076,1909f56bfc062723c751e8b465ee728b)
Start importing Assets/Models/Room01/Box01.mat using Guid(059b2fb1ee33ac543af372e52d23cd2e) Importer(815301076,1909f56bfc062723c751e8b465ee728b)  -> (artifact id: 'f84127d2d090386f84502b7e27be47f5') in 0.010685 seconds
Number of updated asset objects reloaded before import = 0
Number of asset objects unloaded after import = 1
========================================================================
Received Import Request.
  Time since last request: 0.000014 seconds.
  path: Assets/Models/Room01/Pages02.mat
  artifactKey: Guid(64df28ecd7de8454988b1c20439a4b5e) Importer(815301076,1909f56bfc062723c751e8b465ee728b)
Start importing Assets/Models/Room01/Pages02.mat using Guid(64df28ecd7de8454988b1c20439a4b5e) Importer(815301076,1909f56bfc062723c751e8b465ee728b)  -> (artifact id: '2b67a073a2a91ddeb2ed3208f344a30e') in 0.010787 seconds
Number of updated asset objects reloaded before import = 0
Number of asset objects unloaded after import = 1
========================================================================
Received Import Request.
  Time since last request: 34.758580 seconds.
  path: Assets/Prefabs/free-icon-ingots-827151 1.png
  artifactKey: Guid(4968faa5b3ec14ddd82d686d101be442) Importer(815301076,1909f56bfc062723c751e8b465ee728b)
Start importing Assets/Prefabs/free-icon-ingots-827151 1.png using Guid(4968faa5b3ec14ddd82d686d101be442) Importer(815301076,1909f56bfc062723c751e8b465ee728b)  -> (artifact id: '7d96dace2cbd539352a5bae685ab1b03') in 0.028155 seconds
Number of updated asset objects reloaded before import = 0
Number of asset objects unloaded after import = 3
========================================================================
Received Import Request.
  Time since last request: 0.000019 seconds.
  path: Assets/Prefabs/shelving.prefab
  artifactKey: Guid(b14bcb9e21a0c62499037580cfdc9818) Importer(815301076,1909f56bfc062723c751e8b465ee728b)
Start importing Assets/Prefabs/shelving.prefab using Guid(b14bcb9e21a0c62499037580cfdc9818) Importer(815301076,1909f56bfc062723c751e8b465ee728b)  -> (artifact id: 'd57e090eb7220bd32f021e4b8a3bbafa') in 0.016702 seconds
Number of updated asset objects reloaded before import = 0
Number of asset objects unloaded after import = 125
========================================================================
Received Import Request.
  Time since last request: 11.513463 seconds.
  path: Assets/Materials/SpaceForBox.mat
  artifactKey: Guid(3389c2d393fba0145b9c9b5d812bc1b1) Importer(815301076,1909f56bfc062723c751e8b465ee728b)
Start importing Assets/Materials/SpaceForBox.mat using Guid(3389c2d393fba0145b9c9b5d812bc1b1) Importer(815301076,1909f56bfc062723c751e8b465ee728b)  -> (artifact id: 'b181b42fdfcf49565942748b535e89cc') in 0.013765 seconds
Number of updated asset objects reloaded before import = 0
Number of asset objects unloaded after import = 1
========================================================================
Received Import Request.
  Time since last request: 20.593932 seconds.
  path: Assets/Models/Pallet/Wood.001.mat
  artifactKey: Guid(e4c80ebe9f896854dbdaf2f02ca8ef29) Importer(815301076,1909f56bfc062723c751e8b465ee728b)
Start importing Assets/Models/Pallet/Wood.001.mat using Guid(e4c80ebe9f896854dbdaf2f02ca8ef29) Importer(815301076,1909f56bfc062723c751e8b465ee728b)  -> (artifact id: '8197a7beac371a25911ef94c251e131d') in 0.010069 seconds
Number of updated asset objects reloaded before import = 0
Number of asset objects unloaded after import = 1
Editor requested this worker to shutdown with reason: Scaling down because of idle timeout
TcpMessagingSession - receive error: operation aborted. errorcode: 995, details: ќпераци€ ввода/вывода была прервана из-за завершени€ потока команд или по запросу приложени€.
AssetImportWorker is now disconnected from the server
Process exiting
Exiting without the bug reporter. Application will terminate with return code 0