Using pre-set license
Built from '2022.3/staging' branch; Version is '2022.3.4f1 (35713cd46cd7) revision 3502396'; Using compiler version '192829333'; Build Type 'Release'
OS: 'Windows 11  (10.0.22621) 64bit Professional' Language: 'ru' Physical Memory: 20273 MB
BatchMode: 1, IsHumanControllingUs: 0, StartBugReporterOnCrash: 0, Is64bit: 1, IsPro: 1

COMMAND LINE ARGUMENTS:
C:\Program Files\Unity\Hub\Editor\2022.3.4f1\Editor\Unity.exe
-adb2
-batchMode
-noUpm
-name
AssetImportWorker6
-projectPath
M:/SellerSimulator/SellerSimulator
-logFile
Logs/AssetImportWorker6.log
-srvPort
50437
Successfully changed project path to: M:/SellerSimulator/SellerSimulator
M:/SellerSimulator/SellerSimulator
[UnityMemory] Configuration Parameters - Can be set up in boot.config
    "memorysetup-bucket-allocator-granularity=16"
    "memorysetup-bucket-allocator-bucket-count=8"
    "memorysetup-bucket-allocator-block-size=33554432"
    "memorysetup-bucket-allocator-block-count=8"
    "memorysetup-main-allocator-block-size=16777216"
    "memorysetup-thread-allocator-block-size=16777216"
    "memorysetup-gfx-main-allocator-block-size=16777216"
    "memorysetup-gfx-thread-allocator-block-size=16777216"
    "memorysetup-cache-allocator-block-size=4194304"
    "memorysetup-typetree-allocator-block-size=2097152"
    "memorysetup-profiler-bucket-allocator-granularity=16"
    "memorysetup-profiler-bucket-allocator-bucket-count=8"
    "memorysetup-profiler-bucket-allocator-block-size=33554432"
    "memorysetup-profiler-bucket-allocator-block-count=8"
    "memorysetup-profiler-allocator-block-size=16777216"
    "memorysetup-profiler-editor-allocator-block-size=1048576"
    "memorysetup-temp-allocator-size-main=16777216"
    "memorysetup-job-temp-allocator-block-size=2097152"
    "memorysetup-job-temp-allocator-block-size-background=1048576"
    "memorysetup-job-temp-allocator-reduction-small-platforms=262144"
    "memorysetup-allocator-temp-initial-block-size-main=262144"
    "memorysetup-allocator-temp-initial-block-size-worker=262144"
    "memorysetup-temp-allocator-size-background-worker=32768"
    "memorysetup-temp-allocator-size-job-worker=262144"
    "memorysetup-temp-allocator-size-preload-manager=33554432"
    "memorysetup-temp-allocator-size-nav-mesh-worker=65536"
    "memorysetup-temp-allocator-size-audio-worker=65536"
    "memorysetup-temp-allocator-size-cloud-worker=32768"
    "memorysetup-temp-allocator-size-gi-baking-worker=262144"
    "memorysetup-temp-allocator-size-gfx=262144"
Player connection [6604] Host "[IP] 192.168.1.115 [Port] 0 [Flags] 2 [Guid] 3878200116 [EditorId] 3878200116 [Version] 1048832 [Id] WindowsEditor(7,Windows) [Debug] 1 [PackageName] WindowsEditor [ProjectName] Editor" joined multi-casting on [225.0.0.222:54997]...

Player connection [6604] Host "[IP] 192.168.1.115 [Port] 0 [Flags] 2 [Guid] 3878200116 [EditorId] 3878200116 [Version] 1048832 [Id] WindowsEditor(7,Windows) [Debug] 1 [PackageName] WindowsEditor [ProjectName] Editor" joined alternative multi-casting on [225.0.0.222:34997]...

Refreshing native plugins compatible for Editor in 4.90 ms, found 3 plugins.
Preloading 0 native plugins for Editor in 0.00 ms.
Initialize engine version: 2022.3.4f1 (35713cd46cd7)
[Subsystems] Discovering subsystems at path C:/Program Files/Unity/Hub/Editor/2022.3.4f1/Editor/Data/Resources/UnitySubsystems
[Subsystems] Discovering subsystems at path M:/SellerSimulator/SellerSimulator/Assets
GfxDevice: creating device client; threaded=0; jobified=0
Direct3D:
    Version:  Direct3D 11.0 [level 11.1]
    Renderer: NVIDIA GeForce GTX 1070 (ID=0x1b81)
    Vendor:   NVIDIA
    VRAM:     8081 MB
    Driver:   31.0.15.3598
Initialize mono
Mono path[0] = 'C:/Program Files/Unity/Hub/Editor/2022.3.4f1/Editor/Data/Managed'
Mono path[1] = 'C:/Program Files/Unity/Hub/Editor/2022.3.4f1/Editor/Data/MonoBleedingEdge/lib/mono/unityjit-win32'
Mono config path = 'C:/Program Files/Unity/Hub/Editor/2022.3.4f1/Editor/Data/MonoBleedingEdge/etc'
Using monoOptions --debugger-agent=transport=dt_socket,embedding=1,server=y,suspend=n,address=127.0.0.1:56024
Begin MonoManager ReloadAssembly
Registering precompiled unity dll's ...
Register platform support module: C:/Program Files/Unity/Hub/Editor/2022.3.4f1/Editor/Data/PlaybackEngines/AndroidPlayer/UnityEditor.Android.Extensions.dll
Register platform support module: C:/Program Files/Unity/Hub/Editor/2022.3.4f1/Editor/Data/PlaybackEngines/iOSSupport/UnityEditor.iOS.Extensions.dll
Register platform support module: C:/Program Files/Unity/Hub/Editor/2022.3.4f1/Editor/Data/PlaybackEngines/WindowsStandaloneSupport/UnityEditor.WindowsStandalone.Extensions.dll
Registered in 0.008122 seconds.
- Loaded All Assemblies, in  0.275 seconds
Native extension for WindowsStandalone target not found
[usbmuxd] Start listen thread
[usbmuxd] Listen thread started
[usbmuxd] Send listen message
Native extension for iOS target not found
Native extension for Android target not found
Android Extension - Scanning For ADB Devices 200 ms
Mono: successfully reloaded assembly
- Finished resetting the current domain, in  0.467 seconds
Domain Reload Profiling: 741ms
	BeginReloadAssembly (68ms)
		ExecutionOrderSort (0ms)
		DisableScriptedObjects (0ms)
		BackupInstance (0ms)
		ReleaseScriptingObjects (0ms)
		CreateAndSetChildDomain (1ms)
	RebuildCommonClasses (28ms)
	RebuildNativeTypeToScriptingClass (8ms)
	initialDomainReloadingComplete (50ms)
	LoadAllAssembliesAndSetupDomain (119ms)
		LoadAssemblies (66ms)
		RebuildTransferFunctionScriptingTraits (0ms)
		AnalyzeDomain (113ms)
			TypeCache.Refresh (112ms)
				TypeCache.ScanAssembly (104ms)
			ScanForSourceGeneratedMonoScriptInfo (0ms)
			ResolveRequiredComponents (0ms)
	FinalizeReload (468ms)
		ReleaseScriptCaches (0ms)
		RebuildScriptCaches (0ms)
		SetupLoadedEditorAssemblies (421ms)
			LogAssemblyErrors (0ms)
			InitializePlatformSupportModulesInManaged (297ms)
			SetLoadedEditorAssemblies (3ms)
			RefreshPlugins (0ms)
			BeforeProcessingInitializeOnLoad (2ms)
			ProcessInitializeOnLoadAttributes (81ms)
			ProcessInitializeOnLoadMethodAttributes (38ms)
			AfterProcessingInitializeOnLoad (0ms)
			EditorAssembliesLoaded (0ms)
		ExecutionOrderSort2 (0ms)
		AwakeInstancesAfterBackupRestoration (0ms)
========================================================================
Worker process is ready to serve import requests
Begin MonoManager ReloadAssembly
Symbol file LoadedFromMemory doesn't match image M:\SellerSimulator\SellerSimulator\Library\PackageCache\com.unity.visualscripting@1.8.0\Editor\VisualScripting.Core\Dependencies\YamlDotNet\Unity.VisualScripting.YamlDotNet.dll
Symbol file LoadedFromMemory doesn't match image M:\SellerSimulator\SellerSimulator\Library\PackageCache\com.unity.visualscripting@1.8.0\Editor\VisualScripting.Core\Dependencies\DotNetZip\Unity.VisualScripting.IonicZip.dll
- Loaded All Assemblies, in  0.573 seconds
Refreshing native plugins compatible for Editor in 1.91 ms, found 3 plugins.
Native extension for WindowsStandalone target not found
Native extension for iOS target not found
Native extension for Android target not found
Mono: successfully reloaded assembly
- Finished resetting the current domain, in  0.424 seconds
Domain Reload Profiling: 995ms
	BeginReloadAssembly (105ms)
		ExecutionOrderSort (0ms)
		DisableScriptedObjects (5ms)
		BackupInstance (0ms)
		ReleaseScriptingObjects (0ms)
		CreateAndSetChildDomain (20ms)
	RebuildCommonClasses (26ms)
	RebuildNativeTypeToScriptingClass (9ms)
	initialDomainReloadingComplete (35ms)
	LoadAllAssembliesAndSetupDomain (395ms)
		LoadAssemblies (208ms)
		RebuildTransferFunctionScriptingTraits (0ms)
		AnalyzeDomain (235ms)
			TypeCache.Refresh (221ms)
				TypeCache.ScanAssembly (210ms)
			ScanForSourceGeneratedMonoScriptInfo (11ms)
			ResolveRequiredComponents (3ms)
	FinalizeReload (425ms)
		ReleaseScriptCaches (0ms)
		RebuildScriptCaches (0ms)
		SetupLoadedEditorAssemblies (304ms)
			LogAssemblyErrors (0ms)
			InitializePlatformSupportModulesInManaged (30ms)
			SetLoadedEditorAssemblies (3ms)
			RefreshPlugins (0ms)
			BeforeProcessingInitializeOnLoad (52ms)
			ProcessInitializeOnLoadAttributes (197ms)
			ProcessInitializeOnLoadMethodAttributes (16ms)
			AfterProcessingInitializeOnLoad (6ms)
			EditorAssembliesLoaded (0ms)
		ExecutionOrderSort2 (0ms)
		AwakeInstancesAfterBackupRestoration (6ms)
Launched and connected shader compiler UnityShaderCompiler.exe after 0.04 seconds
Refreshing native plugins compatible for Editor in 1.83 ms, found 3 plugins.
Preloading 0 native plugins for Editor in 0.00 ms.
Unloading 3089 Unused Serialized files (Serialized files now loaded: 0)
Unloading 32 unused Assets / (178.4 KB). Loaded Objects now: 3562.
Memory consumption went from 127.5 MB to 127.4 MB.
Total: 2.882600 ms (FindLiveObjects: 0.220800 ms CreateObjectMapping: 0.145900 ms MarkObjects: 2.360700 ms  DeleteObjects: 0.154000 ms)

AssetImportParameters requested are different than current active one (requested -> active):
  custom:container-demuxer-ogg: 62fdf1f143b41e24485cea50d1cbac27 -> 
  custom:video-codec-MediaFoundation-h265: 746d11721c4dcdbdad8f713fa42b33f4 -> 
  custom:video-decoder-ogg-theora: a1e56fd34408186e4bbccfd4996cb3dc -> 
  custom:framework-win-MediaFoundation: 216162199b28c13a410421893ffa2e32 -> 
  custom:CustomObjectIndexerAttribute: 756ad292c208cfabdd7b50bc23989ffe -> 
  custom:container-demuxer-webm: 4f35f7cbe854078d1ac9338744f61a02 -> 
  custom:container-muxer-webm: aa71ff27fc2769a1b78a27578f13a17b -> 
  custom:video-decoder-webm-vp8: 9c59270c3fd7afecdb556c50c9e8de78 -> 
  custom:AudioImporter_EditorPlatform: d09bf68614088b80899f8185d706f6e7 -> 
  custom:video-encoder-webm-vp8: eb34c28f22e8b96e1ab97ce403110664 -> 
  custom:audio-decoder-ogg-vorbis: bf7c407c2cedff20999df2af8eb42d56 -> 
  custom:audio-encoder-webm-vorbis: bf7c407c2cedff20999df2af8eb42d56 -> 
========================================================================
Received Import Request.
  Time since last request: 3414.786131 seconds.
  path: Assets/Models/Warehouse01
  artifactKey: Guid(7f262dc2ac3c007469982017d2792137) Importer(815301076,1909f56bfc062723c751e8b465ee728b)
Start importing Assets/Models/Warehouse01 using Guid(7f262dc2ac3c007469982017d2792137) Importer(815301076,1909f56bfc062723c751e8b465ee728b)  -> (artifact id: 'ac83c4c6aeb6b11ec3d694b9058d179d') in 0.002474 seconds
Number of updated asset objects reloaded before import = 0
Number of asset objects unloaded after import = 0
========================================================================
Received Import Request.
  Time since last request: 7.106790 seconds.
  path: Assets/Models/Warehouse01/warehouse_1_stashed.fbx
  artifactKey: Guid(e2fb9bcc7c14471448103637e6185f28) Importer(815301076,1909f56bfc062723c751e8b465ee728b)
Start importing Assets/Models/Warehouse01/warehouse_1_stashed.fbx using Guid(e2fb9bcc7c14471448103637e6185f28) Importer(815301076,1909f56bfc062723c751e8b465ee728b)  -> (artifact id: '04b0d3add2de0d4c0edf245b96f206d9') in 0.131162 seconds
Number of updated asset objects reloaded before import = 0
Number of asset objects unloaded after import = 14
========================================================================
Received Import Request.
  Time since last request: 10.276264 seconds.
  path: Assets/Models/Warehouse01/warehouse_1_stashed.fbx
  artifactKey: Guid(e2fb9bcc7c14471448103637e6185f28) Importer(815301076,1909f56bfc062723c751e8b465ee728b)
Start importing Assets/Models/Warehouse01/warehouse_1_stashed.fbx using Guid(e2fb9bcc7c14471448103637e6185f28) Importer(815301076,1909f56bfc062723c751e8b465ee728b)  -> (artifact id: 'aee6f75b9d6afd5e3d57f37fce6b11c2') in 0.017484 seconds
Number of updated asset objects reloaded before import = 0
Number of asset objects unloaded after import = 14
========================================================================
Received Import Request.
  Time since last request: 0.028271 seconds.
  path: Assets/Models/Warehouse01/Brick.mat
  artifactKey: Guid(12c07e916281c8748ab7a8b3e15ec4c7) Importer(815301076,1909f56bfc062723c751e8b465ee728b)
Start importing Assets/Models/Warehouse01/Brick.mat using Guid(12c07e916281c8748ab7a8b3e15ec4c7) Importer(815301076,1909f56bfc062723c751e8b465ee728b)  -> (artifact id: '812623fabc849c989fc6a60adce6b7b9') in 0.014565 seconds
Number of updated asset objects reloaded before import = 0
Number of asset objects unloaded after import = 1
========================================================================
Received Import Request.
  Time since last request: 0.000017 seconds.
  path: Assets/Models/Warehouse01/Metal02.mat
  artifactKey: Guid(0003d11d7233e3147b7d13f5f5a1d24f) Importer(815301076,1909f56bfc062723c751e8b465ee728b)
Start importing Assets/Models/Warehouse01/Metal02.mat using Guid(0003d11d7233e3147b7d13f5f5a1d24f) Importer(815301076,1909f56bfc062723c751e8b465ee728b)  -> (artifact id: '6e42d2589e531a70132035015e001e55') in 0.014098 seconds
Number of updated asset objects reloaded before import = 0
Number of asset objects unloaded after import = 1
========================================================================
Received Import Request.
  Time since last request: 0.000015 seconds.
  path: Assets/Models/Warehouse01/Wall02.mat
  artifactKey: Guid(3a46ec675de21264996ae59f6d036087) Importer(815301076,1909f56bfc062723c751e8b465ee728b)
Start importing Assets/Models/Warehouse01/Wall02.mat using Guid(3a46ec675de21264996ae59f6d036087) Importer(815301076,1909f56bfc062723c751e8b465ee728b)  -> (artifact id: '043d48bdb1ff0abdbaa4902da055a172') in 0.012578 seconds
Number of updated asset objects reloaded before import = 0
Number of asset objects unloaded after import = 1
========================================================================
Received Import Request.
  Time since last request: 37.635621 seconds.
  path: Assets/Scenes/Warehouse.unity
  artifactKey: Guid(3bb2a75fca186cb4ab2a0c72edb3c40a) Importer(815301076,1909f56bfc062723c751e8b465ee728b)
Start importing Assets/Scenes/Warehouse.unity using Guid(3bb2a75fca186cb4ab2a0c72edb3c40a) Importer(815301076,1909f56bfc062723c751e8b465ee728b)  -> (artifact id: 'bbef268409a1d03859bd652fc2f71da3') in 0.000436 seconds
Number of updated asset objects reloaded before import = 0
Number of asset objects unloaded after import = 0
========================================================================
Received Import Request.
  Time since last request: 76.383079 seconds.
  path: Assets/Models/Warehouse01/warehouse_1_stashed.fbx
  artifactKey: Guid(e2fb9bcc7c14471448103637e6185f28) Importer(815301076,1909f56bfc062723c751e8b465ee728b)
Start importing Assets/Models/Warehouse01/warehouse_1_stashed.fbx using Guid(e2fb9bcc7c14471448103637e6185f28) Importer(815301076,1909f56bfc062723c751e8b465ee728b)  -> (artifact id: 'a56b167086cdb979adb72293ce1665fc') in 0.036216 seconds
Number of updated asset objects reloaded before import = 0
Number of asset objects unloaded after import = 14
========================================================================
Received Import Request.
  Time since last request: 5.211206 seconds.
  path: Assets/Models/Warehouse01/warehouse_1_stashed.fbx
  artifactKey: Guid(e2fb9bcc7c14471448103637e6185f28) Importer(815301076,1909f56bfc062723c751e8b465ee728b)
Start importing Assets/Models/Warehouse01/warehouse_1_stashed.fbx using Guid(e2fb9bcc7c14471448103637e6185f28) Importer(815301076,1909f56bfc062723c751e8b465ee728b)  -> (artifact id: '5d77d0c49d4b81be37ca3b34fab49bf7') in 0.015471 seconds
Number of updated asset objects reloaded before import = 0
Number of asset objects unloaded after import = 14
========================================================================
Received Import Request.
  Time since last request: 90.266283 seconds.
  path: Assets/Models/Warehouse01/Brick.mat
  artifactKey: Guid(12c07e916281c8748ab7a8b3e15ec4c7) Importer(815301076,1909f56bfc062723c751e8b465ee728b)
Start importing Assets/Models/Warehouse01/Brick.mat using Guid(12c07e916281c8748ab7a8b3e15ec4c7) Importer(815301076,1909f56bfc062723c751e8b465ee728b)  -> (artifact id: '5ac75f290a19743dcbb9f94ca3c3fd1a') in 0.012977 seconds
Number of updated asset objects reloaded before import = 0
Number of asset objects unloaded after import = 1
========================================================================
Received Import Request.
  Time since last request: 0.000017 seconds.
  path: Assets/Models/Warehouse01/Metal02.mat
  artifactKey: Guid(0003d11d7233e3147b7d13f5f5a1d24f) Importer(815301076,1909f56bfc062723c751e8b465ee728b)
Start importing Assets/Models/Warehouse01/Metal02.mat using Guid(0003d11d7233e3147b7d13f5f5a1d24f) Importer(815301076,1909f56bfc062723c751e8b465ee728b)  -> (artifact id: '4b29424d1553c6c74585f6faac6fce3a') in 0.011569 seconds
Number of updated asset objects reloaded before import = 0
Number of asset objects unloaded after import = 1
========================================================================
Received Import Request.
  Time since last request: 0.000027 seconds.
  path: Assets/Models/Warehouse01/Pages02.mat
  artifactKey: Guid(a91eccfbbcbe2da4786c145b692e2bb6) Importer(815301076,1909f56bfc062723c751e8b465ee728b)
Start importing Assets/Models/Warehouse01/Pages02.mat using Guid(a91eccfbbcbe2da4786c145b692e2bb6) Importer(815301076,1909f56bfc062723c751e8b465ee728b)  -> (artifact id: '79ace292c41f38626511b9c4f1e4b5c0') in 0.011557 seconds
Number of updated asset objects reloaded before import = 0
Number of asset objects unloaded after import = 1
========================================================================
Received Import Request.
  Time since last request: 0.000031 seconds.
  path: Assets/Models/Warehouse01/Pages.mat
  artifactKey: Guid(eb61d5a4449413746aeb0488eb27136d) Importer(815301076,1909f56bfc062723c751e8b465ee728b)
Start importing Assets/Models/Warehouse01/Pages.mat using Guid(eb61d5a4449413746aeb0488eb27136d) Importer(815301076,1909f56bfc062723c751e8b465ee728b)  -> (artifact id: 'e2f214e2647bfadcd663e7d4e32f69f1') in 0.011241 seconds
Number of updated asset objects reloaded before import = 0
Number of asset objects unloaded after import = 1
========================================================================
Received Import Request.
  Time since last request: 0.000021 seconds.
  path: Assets/Models/Warehouse01/Wall02.mat
  artifactKey: Guid(3a46ec675de21264996ae59f6d036087) Importer(815301076,1909f56bfc062723c751e8b465ee728b)
Start importing Assets/Models/Warehouse01/Wall02.mat using Guid(3a46ec675de21264996ae59f6d036087) Importer(815301076,1909f56bfc062723c751e8b465ee728b)  -> (artifact id: 'ffe4806835b7b7303b3ef66a9c528338') in 0.011506 seconds
Number of updated asset objects reloaded before import = 0
Number of asset objects unloaded after import = 1
========================================================================
Received Import Request.
  Time since last request: 0.000026 seconds.
  path: Assets/Models/Warehouse01/Metal04.mat
  artifactKey: Guid(d1829f82fd967a44abb25572cf845d1a) Importer(815301076,1909f56bfc062723c751e8b465ee728b)
Start importing Assets/Models/Warehouse01/Metal04.mat using Guid(d1829f82fd967a44abb25572cf845d1a) Importer(815301076,1909f56bfc062723c751e8b465ee728b)  -> (artifact id: 'a63f4ae29e8ac3477929961a7fe34649') in 0.010231 seconds
Number of updated asset objects reloaded before import = 0
Number of asset objects unloaded after import = 1
========================================================================
Received Import Request.
  Time since last request: 0.000015 seconds.
  path: Assets/Models/Warehouse01/warehouse_1_stashed.fbx
  artifactKey: Guid(e2fb9bcc7c14471448103637e6185f28) Importer(815301076,1909f56bfc062723c751e8b465ee728b)
Start importing Assets/Models/Warehouse01/warehouse_1_stashed.fbx using Guid(e2fb9bcc7c14471448103637e6185f28) Importer(815301076,1909f56bfc062723c751e8b465ee728b)  -> (artifact id: '9b9ff0990490cb84dd9210afb731e7d4') in 0.020721 seconds
Number of updated asset objects reloaded before import = 0
Number of asset objects unloaded after import = 14
========================================================================
Received Import Request.
  Time since last request: 26.498349 seconds.
  path: Assets/Models/Room01/Book01.mat
  artifactKey: Guid(0e407577816d86a439fa9ce05ad4957f) Importer(815301076,1909f56bfc062723c751e8b465ee728b)
Start importing Assets/Models/Room01/Book01.mat using Guid(0e407577816d86a439fa9ce05ad4957f) Importer(815301076,1909f56bfc062723c751e8b465ee728b)  -> (artifact id: '170b32d87e1eb13215e00bc7480a6359') in 0.014450 seconds
Number of updated asset objects reloaded before import = 0
Number of asset objects unloaded after import = 1
========================================================================
Received Import Request.
  Time since last request: 0.000020 seconds.
  path: Assets/Models/Room01/Wood.mat
  artifactKey: Guid(6f2bbc19c56b6d74d92e881e1a37652f) Importer(815301076,1909f56bfc062723c751e8b465ee728b)
Start importing Assets/Models/Room01/Wood.mat using Guid(6f2bbc19c56b6d74d92e881e1a37652f) Importer(815301076,1909f56bfc062723c751e8b465ee728b)  -> (artifact id: '86e0521c7da84cd9bf37f0e090f64136') in 0.011971 seconds
Number of updated asset objects reloaded before import = 0
Number of asset objects unloaded after import = 1
========================================================================
Received Import Request.
  Time since last request: 0.000017 seconds.
  path: Assets/Models/Room01/Floor02.mat
  artifactKey: Guid(fbb2fccaf8830f042832d108327b6fc6) Importer(815301076,1909f56bfc062723c751e8b465ee728b)
Start importing Assets/Models/Room01/Floor02.mat using Guid(fbb2fccaf8830f042832d108327b6fc6) Importer(815301076,1909f56bfc062723c751e8b465ee728b)  -> (artifact id: 'c0e15f0017b63a57769a446518b43416') in 0.011580 seconds
Number of updated asset objects reloaded before import = 0
Number of asset objects unloaded after import = 1
========================================================================
Received Import Request.
  Time since last request: 0.000025 seconds.
  path: Assets/Models/Room01/Metal07.mat
  artifactKey: Guid(949c65381e69cc2458ea42705b561e47) Importer(815301076,1909f56bfc062723c751e8b465ee728b)
Start importing Assets/Models/Room01/Metal07.mat using Guid(949c65381e69cc2458ea42705b561e47) Importer(815301076,1909f56bfc062723c751e8b465ee728b)  -> (artifact id: '15bcbbc84e3a333c0d0e82baad9150e8') in 0.011425 seconds
Number of updated asset objects reloaded before import = 0
Number of asset objects unloaded after import = 1
========================================================================
Received Import Request.
  Time since last request: 0.000017 seconds.
  path: Assets/Models/Room01/Pages.mat
  artifactKey: Guid(cc8e21c1e51171440b5142ddba908028) Importer(815301076,1909f56bfc062723c751e8b465ee728b)
Start importing Assets/Models/Room01/Pages.mat using Guid(cc8e21c1e51171440b5142ddba908028) Importer(815301076,1909f56bfc062723c751e8b465ee728b)  -> (artifact id: 'b7cd2caf8921944d412ce357bf27dd08') in 0.011782 seconds
Number of updated asset objects reloaded before import = 0
Number of asset objects unloaded after import = 1
========================================================================
Received Import Request.
  Time since last request: 0.000018 seconds.
  path: Assets/Models/Room01/Wood02.mat
  artifactKey: Guid(6ae74c23969f3314eb7d57c46f74dbf6) Importer(815301076,1909f56bfc062723c751e8b465ee728b)
Start importing Assets/Models/Room01/Wood02.mat using Guid(6ae74c23969f3314eb7d57c46f74dbf6) Importer(815301076,1909f56bfc062723c751e8b465ee728b)  -> (artifact id: '5f90470e6187c5f05bd4084e4530f8a2') in 0.011408 seconds
Number of updated asset objects reloaded before import = 0
Number of asset objects unloaded after import = 1
========================================================================
Received Import Request.
  Time since last request: 0.000025 seconds.
  path: Assets/Models/Room01/Brick.mat
  artifactKey: Guid(9a54964ad3b2cd04293543dbc3d2ba3a) Importer(815301076,1909f56bfc062723c751e8b465ee728b)
Start importing Assets/Models/Room01/Brick.mat using Guid(9a54964ad3b2cd04293543dbc3d2ba3a) Importer(815301076,1909f56bfc062723c751e8b465ee728b)  -> (artifact id: '04280ee5b6a214580e8f6c5a4820cbf2') in 0.013368 seconds
Number of updated asset objects reloaded before import = 0
Number of asset objects unloaded after import = 1
========================================================================
Received Import Request.
  Time since last request: 0.000020 seconds.
  path: Assets/Models/Room01/Box02.mat
  artifactKey: Guid(7db18af46e4bf5c4493fcfee5e486509) Importer(815301076,1909f56bfc062723c751e8b465ee728b)
Start importing Assets/Models/Room01/Box02.mat using Guid(7db18af46e4bf5c4493fcfee5e486509) Importer(815301076,1909f56bfc062723c751e8b465ee728b)  -> (artifact id: '4d22056f70a8abc7accd1254805e3bc5') in 0.010986 seconds
Number of updated asset objects reloaded before import = 0
Number of asset objects unloaded after import = 1
========================================================================
Received Import Request.
  Time since last request: 0.000018 seconds.
  path: Assets/Models/Room01/Door01.mat
  artifactKey: Guid(f60e0679d9d7dbb4b86321da06ab3d02) Importer(815301076,1909f56bfc062723c751e8b465ee728b)
Start importing Assets/Models/Room01/Door01.mat using Guid(f60e0679d9d7dbb4b86321da06ab3d02) Importer(815301076,1909f56bfc062723c751e8b465ee728b)  -> (artifact id: 'fb98290af982671345978faacdb55676') in 0.013668 seconds
Number of updated asset objects reloaded before import = 0
Number of asset objects unloaded after import = 1
========================================================================
Received Import Request.
  Time since last request: 0.000018 seconds.
  path: Assets/Models/Room01/Box03.mat
  artifactKey: Guid(f4073cddca5ac834f8ac03baebdfd613) Importer(815301076,1909f56bfc062723c751e8b465ee728b)
Start importing Assets/Models/Room01/Box03.mat using Guid(f4073cddca5ac834f8ac03baebdfd613) Importer(815301076,1909f56bfc062723c751e8b465ee728b)  -> (artifact id: 'dfef534b89d879ce922dce7135b71c27') in 0.011399 seconds
Number of updated asset objects reloaded before import = 0
Number of asset objects unloaded after import = 1
========================================================================
Received Import Request.
  Time since last request: 0.000018 seconds.
  path: Assets/Models/Room01/Computer.mat
  artifactKey: Guid(638fc4fca161f8d48bb3080ffff3b158) Importer(815301076,1909f56bfc062723c751e8b465ee728b)
Start importing Assets/Models/Room01/Computer.mat using Guid(638fc4fca161f8d48bb3080ffff3b158) Importer(815301076,1909f56bfc062723c751e8b465ee728b)  -> (artifact id: '0aebe26c7351de576db98ee4f0f61976') in 0.011726 seconds
Number of updated asset objects reloaded before import = 0
Number of asset objects unloaded after import = 1
========================================================================
Received Import Request.
  Time since last request: 0.000018 seconds.
  path: Assets/Models/Room01/Box01.mat
  artifactKey: Guid(059b2fb1ee33ac543af372e52d23cd2e) Importer(815301076,1909f56bfc062723c751e8b465ee728b)
Start importing Assets/Models/Room01/Box01.mat using Guid(059b2fb1ee33ac543af372e52d23cd2e) Importer(815301076,1909f56bfc062723c751e8b465ee728b)  -> (artifact id: 'c164d899c077fb13ecce076456d19e8c') in 0.010660 seconds
Number of updated asset objects reloaded before import = 0
Number of asset objects unloaded after import = 1
========================================================================
Received Import Request.
  Time since last request: 0.000021 seconds.
  path: Assets/Models/Room01/Pages02.mat
  artifactKey: Guid(64df28ecd7de8454988b1c20439a4b5e) Importer(815301076,1909f56bfc062723c751e8b465ee728b)
Start importing Assets/Models/Room01/Pages02.mat using Guid(64df28ecd7de8454988b1c20439a4b5e) Importer(815301076,1909f56bfc062723c751e8b465ee728b)  -> (artifact id: '01838f6a28834383e289d34e21f63f78') in 0.010380 seconds
Number of updated asset objects reloaded before import = 0
Number of asset objects unloaded after import = 1
========================================================================
Received Import Request.
  Time since last request: 28.312708 seconds.
  path: Assets/Models/Background/Background.mat
  artifactKey: Guid(17d7d698a511de54c88ba5891008d164) Importer(815301076,1909f56bfc062723c751e8b465ee728b)
Start importing Assets/Models/Background/Background.mat using Guid(17d7d698a511de54c88ba5891008d164) Importer(815301076,1909f56bfc062723c751e8b465ee728b)  -> (artifact id: 'e80a08e8d66f79d6ed44dfc6e59fcc41') in 0.008042 seconds
Number of updated asset objects reloaded before import = 0
Number of asset objects unloaded after import = 1
========================================================================
Received Prepare
Begin MonoManager ReloadAssembly
Symbol file LoadedFromMemory doesn't match image M:\SellerSimulator\SellerSimulator\Library\PackageCache\com.unity.visualscripting@1.8.0\Editor\VisualScripting.Core\Dependencies\YamlDotNet\Unity.VisualScripting.YamlDotNet.dll
Symbol file LoadedFromMemory doesn't match image M:\SellerSimulator\SellerSimulator\Library\PackageCache\com.unity.visualscripting@1.8.0\Editor\VisualScripting.Core\Dependencies\DotNetZip\Unity.VisualScripting.IonicZip.dll
- Loaded All Assemblies, in  0.619 seconds
Refreshing native plugins compatible for Editor in 2.51 ms, found 3 plugins.
Native extension for WindowsStandalone target not found
Native extension for iOS target not found
Native extension for Android target not found
Mono: successfully reloaded assembly
- Finished resetting the current domain, in  0.757 seconds
Domain Reload Profiling: 1374ms
	BeginReloadAssembly (130ms)
		ExecutionOrderSort (0ms)
		DisableScriptedObjects (4ms)
		BackupInstance (0ms)
		ReleaseScriptingObjects (0ms)
		CreateAndSetChildDomain (36ms)
	RebuildCommonClasses (32ms)
	RebuildNativeTypeToScriptingClass (9ms)
	initialDomainReloadingComplete (26ms)
	LoadAllAssembliesAndSetupDomain (419ms)
		LoadAssemblies (239ms)
		RebuildTransferFunctionScriptingTraits (0ms)
		AnalyzeDomain (235ms)
			TypeCache.Refresh (232ms)
				TypeCache.ScanAssembly (220ms)
			ScanForSourceGeneratedMonoScriptInfo (0ms)
			ResolveRequiredComponents (3ms)
	FinalizeReload (757ms)
		ReleaseScriptCaches (0ms)
		RebuildScriptCaches (0ms)
		SetupLoadedEditorAssemblies (347ms)
			LogAssemblyErrors (0ms)
			InitializePlatformSupportModulesInManaged (38ms)
			SetLoadedEditorAssemblies (5ms)
			RefreshPlugins (0ms)
			BeforeProcessingInitializeOnLoad (70ms)
			ProcessInitializeOnLoadAttributes (208ms)
			ProcessInitializeOnLoadMethodAttributes (19ms)
			AfterProcessingInitializeOnLoad (7ms)
			EditorAssembliesLoaded (0ms)
		ExecutionOrderSort2 (0ms)
		AwakeInstancesAfterBackupRestoration (6ms)
Refreshing native plugins compatible for Editor in 2.77 ms, found 3 plugins.
Preloading 0 native plugins for Editor in 0.00 ms.
Unloading 3065 Unused Serialized files (Serialized files now loaded: 0)
Unloading 23 unused Assets / (151.1 KB). Loaded Objects now: 3608.
Memory consumption went from 122.6 MB to 122.4 MB.
Total: 3.289700 ms (FindLiveObjects: 0.301100 ms CreateObjectMapping: 0.194800 ms MarkObjects: 2.640900 ms  DeleteObjects: 0.151900 ms)

Prepare: number of updated asset objects reloaded= 0
AssetImportParameters requested are different than current active one (requested -> active):
  custom:container-demuxer-ogg: 62fdf1f143b41e24485cea50d1cbac27 -> 
  custom:video-codec-MediaFoundation-h265: 746d11721c4dcdbdad8f713fa42b33f4 -> 
  custom:video-decoder-ogg-theora: a1e56fd34408186e4bbccfd4996cb3dc -> 
  custom:framework-win-MediaFoundation: 216162199b28c13a410421893ffa2e32 -> 
  custom:CustomObjectIndexerAttribute: 756ad292c208cfabdd7b50bc23989ffe -> 
  custom:container-demuxer-webm: 4f35f7cbe854078d1ac9338744f61a02 -> 
  custom:container-muxer-webm: aa71ff27fc2769a1b78a27578f13a17b -> 
  custom:video-decoder-webm-vp8: 9c59270c3fd7afecdb556c50c9e8de78 -> 
  custom:AudioImporter_EditorPlatform: d09bf68614088b80899f8185d706f6e7 -> 
  custom:video-encoder-webm-vp8: eb34c28f22e8b96e1ab97ce403110664 -> 
  custom:audio-decoder-ogg-vorbis: bf7c407c2cedff20999df2af8eb42d56 -> 
  custom:audio-encoder-webm-vorbis: bf7c407c2cedff20999df2af8eb42d56 -> 
========================================================================
Received Import Request.
  Time since last request: 62.726266 seconds.
  path: Assets/Models/Box01/Box01.mat
  artifactKey: Guid(9435af4e35bf6a04984ad3166c4b5526) Importer(815301076,1909f56bfc062723c751e8b465ee728b)
Start importing Assets/Models/Box01/Box01.mat using Guid(9435af4e35bf6a04984ad3166c4b5526) Importer(815301076,1909f56bfc062723c751e8b465ee728b)  -> (artifact id: '233d619647771de0d17e5c8da1db0701') in 0.071361 seconds
Number of updated asset objects reloaded before import = 0
Number of asset objects unloaded after import = 1
========================================================================
Received Import Request.
  Time since last request: 0.000017 seconds.
  path: Assets/Models/Box01/Box02.mat
  artifactKey: Guid(80db868f85de1504d9d9d44dee679550) Importer(815301076,1909f56bfc062723c751e8b465ee728b)
Start importing Assets/Models/Box01/Box02.mat using Guid(80db868f85de1504d9d9d44dee679550) Importer(815301076,1909f56bfc062723c751e8b465ee728b)  -> (artifact id: 'e69800e6a08944c1bf5935f0f39a2682') in 0.010375 seconds
Number of updated asset objects reloaded before import = 0
Number of asset objects unloaded after import = 1
========================================================================
Received Import Request.
  Time since last request: 0.000027 seconds.
  path: Assets/Models/Box01/Box04.mat
  artifactKey: Guid(e58276f9477552645bd02e1dc255a20b) Importer(815301076,1909f56bfc062723c751e8b465ee728b)
Start importing Assets/Models/Box01/Box04.mat using Guid(e58276f9477552645bd02e1dc255a20b) Importer(815301076,1909f56bfc062723c751e8b465ee728b)  -> (artifact id: '195452e8f99742b7e417aa2eef92e683') in 0.010963 seconds
Number of updated asset objects reloaded before import = 0
Number of asset objects unloaded after import = 1
========================================================================
Received Import Request.
  Time since last request: 0.000017 seconds.
  path: Assets/Models/Box01/Box03.mat
  artifactKey: Guid(856746eae1c51b94988189eef182b2cf) Importer(815301076,1909f56bfc062723c751e8b465ee728b)
Start importing Assets/Models/Box01/Box03.mat using Guid(856746eae1c51b94988189eef182b2cf) Importer(815301076,1909f56bfc062723c751e8b465ee728b)  -> (artifact id: '94f73911c00bbfa77d66334f33343538') in 0.010802 seconds
Number of updated asset objects reloaded before import = 0
Number of asset objects unloaded after import = 1
========================================================================
Received Import Request.
  Time since last request: 0.772654 seconds.
  path: Assets/Models/Background/Background.mat
  artifactKey: Guid(17d7d698a511de54c88ba5891008d164) Importer(815301076,1909f56bfc062723c751e8b465ee728b)
Start importing Assets/Models/Background/Background.mat using Guid(17d7d698a511de54c88ba5891008d164) Importer(815301076,1909f56bfc062723c751e8b465ee728b)  -> (artifact id: '42a1528e53a1819deed04101bb3a9e94') in 0.011963 seconds
Number of updated asset objects reloaded before import = 0
Number of asset objects unloaded after import = 1
========================================================================
Received Import Request.
  Time since last request: 3.240706 seconds.
  path: Assets/Prefabs/shelving.prefab
  artifactKey: Guid(b14bcb9e21a0c62499037580cfdc9818) Importer(815301076,1909f56bfc062723c751e8b465ee728b)
Start importing Assets/Prefabs/shelving.prefab using Guid(b14bcb9e21a0c62499037580cfdc9818) Importer(815301076,1909f56bfc062723c751e8b465ee728b)  -> (artifact id: 'd02ff1f37bd7987c8e9eabbc135555aa') in 0.026197 seconds
Number of updated asset objects reloaded before import = 0
Number of asset objects unloaded after import = 125
========================================================================
Received Prepare
Begin MonoManager ReloadAssembly
Symbol file LoadedFromMemory doesn't match image M:\SellerSimulator\SellerSimulator\Library\PackageCache\com.unity.visualscripting@1.8.0\Editor\VisualScripting.Core\Dependencies\YamlDotNet\Unity.VisualScripting.YamlDotNet.dll
Symbol file LoadedFromMemory doesn't match image M:\SellerSimulator\SellerSimulator\Library\PackageCache\com.unity.visualscripting@1.8.0\Editor\VisualScripting.Core\Dependencies\DotNetZip\Unity.VisualScripting.IonicZip.dll
- Loaded All Assemblies, in  0.563 seconds
Refreshing native plugins compatible for Editor in 1.86 ms, found 3 plugins.
Native extension for WindowsStandalone target not found
Native extension for iOS target not found
Native extension for Android target not found
Mono: successfully reloaded assembly
- Finished resetting the current domain, in  0.668 seconds
Domain Reload Profiling: 1229ms
	BeginReloadAssembly (118ms)
		ExecutionOrderSort (0ms)
		DisableScriptedObjects (4ms)
		BackupInstance (0ms)
		ReleaseScriptingObjects (0ms)
		CreateAndSetChildDomain (35ms)
	RebuildCommonClasses (26ms)
	RebuildNativeTypeToScriptingClass (8ms)
	initialDomainReloadingComplete (24ms)
	LoadAllAssembliesAndSetupDomain (384ms)
		LoadAssemblies (207ms)
		RebuildTransferFunctionScriptingTraits (0ms)
		AnalyzeDomain (225ms)
			TypeCache.Refresh (222ms)
				TypeCache.ScanAssembly (211ms)
			ScanForSourceGeneratedMonoScriptInfo (0ms)
			ResolveRequiredComponents (3ms)
	FinalizeReload (668ms)
		ReleaseScriptCaches (0ms)
		RebuildScriptCaches (0ms)
		SetupLoadedEditorAssemblies (314ms)
			LogAssemblyErrors (0ms)
			InitializePlatformSupportModulesInManaged (35ms)
			SetLoadedEditorAssemblies (4ms)
			RefreshPlugins (0ms)
			BeforeProcessingInitializeOnLoad (59ms)
			ProcessInitializeOnLoadAttributes (191ms)
			ProcessInitializeOnLoadMethodAttributes (18ms)
			AfterProcessingInitializeOnLoad (7ms)
			EditorAssembliesLoaded (0ms)
		ExecutionOrderSort2 (0ms)
		AwakeInstancesAfterBackupRestoration (7ms)
Refreshing native plugins compatible for Editor in 2.78 ms, found 3 plugins.
Preloading 0 native plugins for Editor in 0.00 ms.
Unloading 3065 Unused Serialized files (Serialized files now loaded: 0)
Unloading 23 unused Assets / (151.2 KB). Loaded Objects now: 3612.
Memory consumption went from 122.6 MB to 122.5 MB.
Total: 3.263100 ms (FindLiveObjects: 0.264700 ms CreateObjectMapping: 0.240000 ms MarkObjects: 2.580800 ms  DeleteObjects: 0.176600 ms)

Prepare: number of updated asset objects reloaded= 0
AssetImportParameters requested are different than current active one (requested -> active):
  custom:container-demuxer-ogg: 62fdf1f143b41e24485cea50d1cbac27 -> 
  custom:video-codec-MediaFoundation-h265: 746d11721c4dcdbdad8f713fa42b33f4 -> 
  custom:video-decoder-ogg-theora: a1e56fd34408186e4bbccfd4996cb3dc -> 
  custom:framework-win-MediaFoundation: 216162199b28c13a410421893ffa2e32 -> 
  custom:CustomObjectIndexerAttribute: 756ad292c208cfabdd7b50bc23989ffe -> 
  custom:container-demuxer-webm: 4f35f7cbe854078d1ac9338744f61a02 -> 
  custom:container-muxer-webm: aa71ff27fc2769a1b78a27578f13a17b -> 
  custom:video-decoder-webm-vp8: 9c59270c3fd7afecdb556c50c9e8de78 -> 
  custom:AudioImporter_EditorPlatform: d09bf68614088b80899f8185d706f6e7 -> 
  custom:video-encoder-webm-vp8: eb34c28f22e8b96e1ab97ce403110664 -> 
  custom:audio-decoder-ogg-vorbis: bf7c407c2cedff20999df2af8eb42d56 -> 
  custom:audio-encoder-webm-vorbis: bf7c407c2cedff20999df2af8eb42d56 -> 
========================================================================
Received Prepare
Begin MonoManager ReloadAssembly
Symbol file LoadedFromMemory doesn't match image M:\SellerSimulator\SellerSimulator\Library\PackageCache\com.unity.visualscripting@1.8.0\Editor\VisualScripting.Core\Dependencies\YamlDotNet\Unity.VisualScripting.YamlDotNet.dll
Symbol file LoadedFromMemory doesn't match image M:\SellerSimulator\SellerSimulator\Library\PackageCache\com.unity.visualscripting@1.8.0\Editor\VisualScripting.Core\Dependencies\DotNetZip\Unity.VisualScripting.IonicZip.dll
- Loaded All Assemblies, in  0.553 seconds
Refreshing native plugins compatible for Editor in 1.80 ms, found 3 plugins.
Native extension for WindowsStandalone target not found
Native extension for iOS target not found
Native extension for Android target not found
Mono: successfully reloaded assembly
- Finished resetting the current domain, in  0.661 seconds
Domain Reload Profiling: 1212ms
	BeginReloadAssembly (116ms)
		ExecutionOrderSort (0ms)
		DisableScriptedObjects (5ms)
		BackupInstance (0ms)
		ReleaseScriptingObjects (0ms)
		CreateAndSetChildDomain (33ms)
	RebuildCommonClasses (25ms)
	RebuildNativeTypeToScriptingClass (9ms)
	initialDomainReloadingComplete (24ms)
	LoadAllAssembliesAndSetupDomain (376ms)
		LoadAssemblies (202ms)
		RebuildTransferFunctionScriptingTraits (0ms)
		AnalyzeDomain (220ms)
			TypeCache.Refresh (217ms)
				TypeCache.ScanAssembly (207ms)
			ScanForSourceGeneratedMonoScriptInfo (0ms)
			ResolveRequiredComponents (3ms)
	FinalizeReload (662ms)
		ReleaseScriptCaches (0ms)
		RebuildScriptCaches (0ms)
		SetupLoadedEditorAssemblies (316ms)
			LogAssemblyErrors (0ms)
			InitializePlatformSupportModulesInManaged (32ms)
			SetLoadedEditorAssemblies (4ms)
			RefreshPlugins (0ms)
			BeforeProcessingInitializeOnLoad (58ms)
			ProcessInitializeOnLoadAttributes (196ms)
			ProcessInitializeOnLoadMethodAttributes (19ms)
			AfterProcessingInitializeOnLoad (6ms)
			EditorAssembliesLoaded (0ms)
		ExecutionOrderSort2 (0ms)
		AwakeInstancesAfterBackupRestoration (7ms)
Refreshing native plugins compatible for Editor in 2.49 ms, found 3 plugins.
Preloading 0 native plugins for Editor in 0.00 ms.
Unloading 3066 Unused Serialized files (Serialized files now loaded: 0)
Unloading 23 unused Assets / (151.1 KB). Loaded Objects now: 3615.
Memory consumption went from 122.9 MB to 122.7 MB.
Total: 3.469500 ms (FindLiveObjects: 0.232600 ms CreateObjectMapping: 0.176700 ms MarkObjects: 2.920000 ms  DeleteObjects: 0.139300 ms)

Prepare: number of updated asset objects reloaded= 0
AssetImportParameters requested are different than current active one (requested -> active):
  custom:container-demuxer-ogg: 62fdf1f143b41e24485cea50d1cbac27 -> 
  custom:video-codec-MediaFoundation-h265: 746d11721c4dcdbdad8f713fa42b33f4 -> 
  custom:video-decoder-ogg-theora: a1e56fd34408186e4bbccfd4996cb3dc -> 
  custom:framework-win-MediaFoundation: 216162199b28c13a410421893ffa2e32 -> 
  custom:CustomObjectIndexerAttribute: 756ad292c208cfabdd7b50bc23989ffe -> 
  custom:container-demuxer-webm: 4f35f7cbe854078d1ac9338744f61a02 -> 
  custom:container-muxer-webm: aa71ff27fc2769a1b78a27578f13a17b -> 
  custom:video-decoder-webm-vp8: 9c59270c3fd7afecdb556c50c9e8de78 -> 
  custom:AudioImporter_EditorPlatform: d09bf68614088b80899f8185d706f6e7 -> 
  custom:video-encoder-webm-vp8: eb34c28f22e8b96e1ab97ce403110664 -> 
  custom:audio-decoder-ogg-vorbis: bf7c407c2cedff20999df2af8eb42d56 -> 
  custom:audio-encoder-webm-vorbis: bf7c407c2cedff20999df2af8eb42d56 -> 
========================================================================
Received Prepare
Begin MonoManager ReloadAssembly
Symbol file LoadedFromMemory doesn't match image M:\SellerSimulator\SellerSimulator\Library\PackageCache\com.unity.visualscripting@1.8.0\Editor\VisualScripting.Core\Dependencies\YamlDotNet\Unity.VisualScripting.YamlDotNet.dll
Symbol file LoadedFromMemory doesn't match image M:\SellerSimulator\SellerSimulator\Library\PackageCache\com.unity.visualscripting@1.8.0\Editor\VisualScripting.Core\Dependencies\DotNetZip\Unity.VisualScripting.IonicZip.dll
- Loaded All Assemblies, in  0.553 seconds
Refreshing native plugins compatible for Editor in 2.26 ms, found 3 plugins.
Native extension for WindowsStandalone target not found
Native extension for iOS target not found
Native extension for Android target not found
Mono: successfully reloaded assembly
- Finished resetting the current domain, in  0.666 seconds
Domain Reload Profiling: 1217ms
	BeginReloadAssembly (119ms)
		ExecutionOrderSort (0ms)
		DisableScriptedObjects (5ms)
		BackupInstance (0ms)
		ReleaseScriptingObjects (0ms)
		CreateAndSetChildDomain (33ms)
	RebuildCommonClasses (26ms)
	RebuildNativeTypeToScriptingClass (8ms)
	initialDomainReloadingComplete (25ms)
	LoadAllAssembliesAndSetupDomain (374ms)
		LoadAssemblies (209ms)
		RebuildTransferFunctionScriptingTraits (0ms)
		AnalyzeDomain (212ms)
			TypeCache.Refresh (209ms)
				TypeCache.ScanAssembly (199ms)
			ScanForSourceGeneratedMonoScriptInfo (0ms)
			ResolveRequiredComponents (3ms)
	FinalizeReload (666ms)
		ReleaseScriptCaches (0ms)
		RebuildScriptCaches (0ms)
		SetupLoadedEditorAssemblies (304ms)
			LogAssemblyErrors (0ms)
			InitializePlatformSupportModulesInManaged (32ms)
			SetLoadedEditorAssemblies (4ms)
			RefreshPlugins (0ms)
			BeforeProcessingInitializeOnLoad (58ms)
			ProcessInitializeOnLoadAttributes (187ms)
			ProcessInitializeOnLoadMethodAttributes (17ms)
			AfterProcessingInitializeOnLoad (6ms)
			EditorAssembliesLoaded (0ms)
		ExecutionOrderSort2 (0ms)
		AwakeInstancesAfterBackupRestoration (6ms)
Refreshing native plugins compatible for Editor in 2.67 ms, found 3 plugins.
Preloading 0 native plugins for Editor in 0.00 ms.
Unloading 3066 Unused Serialized files (Serialized files now loaded: 0)
Unloading 23 unused Assets / (151.1 KB). Loaded Objects now: 3618.
Memory consumption went from 122.9 MB to 122.7 MB.
Total: 3.954700 ms (FindLiveObjects: 0.338600 ms CreateObjectMapping: 0.223300 ms MarkObjects: 3.199400 ms  DeleteObjects: 0.192100 ms)

Prepare: number of updated asset objects reloaded= 0
AssetImportParameters requested are different than current active one (requested -> active):
  custom:container-demuxer-ogg: 62fdf1f143b41e24485cea50d1cbac27 -> 
  custom:video-codec-MediaFoundation-h265: 746d11721c4dcdbdad8f713fa42b33f4 -> 
  custom:video-decoder-ogg-theora: a1e56fd34408186e4bbccfd4996cb3dc -> 
  custom:framework-win-MediaFoundation: 216162199b28c13a410421893ffa2e32 -> 
  custom:CustomObjectIndexerAttribute: 756ad292c208cfabdd7b50bc23989ffe -> 
  custom:container-demuxer-webm: 4f35f7cbe854078d1ac9338744f61a02 -> 
  custom:container-muxer-webm: aa71ff27fc2769a1b78a27578f13a17b -> 
  custom:video-decoder-webm-vp8: 9c59270c3fd7afecdb556c50c9e8de78 -> 
  custom:AudioImporter_EditorPlatform: d09bf68614088b80899f8185d706f6e7 -> 
  custom:video-encoder-webm-vp8: eb34c28f22e8b96e1ab97ce403110664 -> 
  custom:audio-decoder-ogg-vorbis: bf7c407c2cedff20999df2af8eb42d56 -> 
  custom:audio-encoder-webm-vorbis: bf7c407c2cedff20999df2af8eb42d56 -> 
========================================================================
Received Prepare
Begin MonoManager ReloadAssembly
Symbol file LoadedFromMemory doesn't match image M:\SellerSimulator\SellerSimulator\Library\PackageCache\com.unity.visualscripting@1.8.0\Editor\VisualScripting.Core\Dependencies\YamlDotNet\Unity.VisualScripting.YamlDotNet.dll
Symbol file LoadedFromMemory doesn't match image M:\SellerSimulator\SellerSimulator\Library\PackageCache\com.unity.visualscripting@1.8.0\Editor\VisualScripting.Core\Dependencies\DotNetZip\Unity.VisualScripting.IonicZip.dll
- Loaded All Assemblies, in  0.573 seconds
Refreshing native plugins compatible for Editor in 2.28 ms, found 3 plugins.
Native extension for WindowsStandalone target not found
Native extension for iOS target not found
Native extension for Android target not found
Mono: successfully reloaded assembly
- Finished resetting the current domain, in  0.663 seconds
Domain Reload Profiling: 1234ms
	BeginReloadAssembly (119ms)
		ExecutionOrderSort (0ms)
		DisableScriptedObjects (5ms)
		BackupInstance (0ms)
		ReleaseScriptingObjects (0ms)
		CreateAndSetChildDomain (32ms)
	RebuildCommonClasses (26ms)
	RebuildNativeTypeToScriptingClass (8ms)
	initialDomainReloadingComplete (24ms)
	LoadAllAssembliesAndSetupDomain (392ms)
		LoadAssemblies (215ms)
		RebuildTransferFunctionScriptingTraits (0ms)
		AnalyzeDomain (227ms)
			TypeCache.Refresh (223ms)
				TypeCache.ScanAssembly (213ms)
			ScanForSourceGeneratedMonoScriptInfo (0ms)
			ResolveRequiredComponents (3ms)
	FinalizeReload (664ms)
		ReleaseScriptCaches (0ms)
		RebuildScriptCaches (0ms)
		SetupLoadedEditorAssemblies (317ms)
			LogAssemblyErrors (0ms)
			InitializePlatformSupportModulesInManaged (35ms)
			SetLoadedEditorAssemblies (4ms)
			RefreshPlugins (0ms)
			BeforeProcessingInitializeOnLoad (62ms)
			ProcessInitializeOnLoadAttributes (190ms)
			ProcessInitializeOnLoadMethodAttributes (19ms)
			AfterProcessingInitializeOnLoad (7ms)
			EditorAssembliesLoaded (0ms)
		ExecutionOrderSort2 (0ms)
		AwakeInstancesAfterBackupRestoration (6ms)
Refreshing native plugins compatible for Editor in 3.43 ms, found 3 plugins.
Preloading 0 native plugins for Editor in 0.00 ms.
Unloading 3066 Unused Serialized files (Serialized files now loaded: 0)
Unloading 23 unused Assets / (151.0 KB). Loaded Objects now: 3621.
Memory consumption went from 122.9 MB to 122.7 MB.
Total: 3.092500 ms (FindLiveObjects: 0.256300 ms CreateObjectMapping: 0.191400 ms MarkObjects: 2.411800 ms  DeleteObjects: 0.232100 ms)

Prepare: number of updated asset objects reloaded= 0
AssetImportParameters requested are different than current active one (requested -> active):
  custom:container-demuxer-ogg: 62fdf1f143b41e24485cea50d1cbac27 -> 
  custom:video-codec-MediaFoundation-h265: 746d11721c4dcdbdad8f713fa42b33f4 -> 
  custom:video-decoder-ogg-theora: a1e56fd34408186e4bbccfd4996cb3dc -> 
  custom:framework-win-MediaFoundation: 216162199b28c13a410421893ffa2e32 -> 
  custom:CustomObjectIndexerAttribute: 756ad292c208cfabdd7b50bc23989ffe -> 
  custom:container-demuxer-webm: 4f35f7cbe854078d1ac9338744f61a02 -> 
  custom:container-muxer-webm: aa71ff27fc2769a1b78a27578f13a17b -> 
  custom:video-decoder-webm-vp8: 9c59270c3fd7afecdb556c50c9e8de78 -> 
  custom:AudioImporter_EditorPlatform: d09bf68614088b80899f8185d706f6e7 -> 
  custom:video-encoder-webm-vp8: eb34c28f22e8b96e1ab97ce403110664 -> 
  custom:audio-decoder-ogg-vorbis: bf7c407c2cedff20999df2af8eb42d56 -> 
  custom:audio-encoder-webm-vorbis: bf7c407c2cedff20999df2af8eb42d56 -> 
========================================================================
Received Prepare
Begin MonoManager ReloadAssembly
Symbol file LoadedFromMemory doesn't match image M:\SellerSimulator\SellerSimulator\Library\PackageCache\com.unity.visualscripting@1.8.0\Editor\VisualScripting.Core\Dependencies\YamlDotNet\Unity.VisualScripting.YamlDotNet.dll
Symbol file LoadedFromMemory doesn't match image M:\SellerSimulator\SellerSimulator\Library\PackageCache\com.unity.visualscripting@1.8.0\Editor\VisualScripting.Core\Dependencies\DotNetZip\Unity.VisualScripting.IonicZip.dll
- Loaded All Assemblies, in  0.552 seconds
Refreshing native plugins compatible for Editor in 2.04 ms, found 3 plugins.
Native extension for WindowsStandalone target not found
Native extension for iOS target not found
Native extension for Android target not found
Mono: successfully reloaded assembly
- Finished resetting the current domain, in  0.643 seconds
Domain Reload Profiling: 1193ms
	BeginReloadAssembly (117ms)
		ExecutionOrderSort (0ms)
		DisableScriptedObjects (5ms)
		BackupInstance (0ms)
		ReleaseScriptingObjects (0ms)
		CreateAndSetChildDomain (31ms)
	RebuildCommonClasses (26ms)
	RebuildNativeTypeToScriptingClass (8ms)
	initialDomainReloadingComplete (25ms)
	LoadAllAssembliesAndSetupDomain (373ms)
		LoadAssemblies (211ms)
		RebuildTransferFunctionScriptingTraits (0ms)
		AnalyzeDomain (211ms)
			TypeCache.Refresh (208ms)
				TypeCache.ScanAssembly (198ms)
			ScanForSourceGeneratedMonoScriptInfo (0ms)
			ResolveRequiredComponents (3ms)
	FinalizeReload (643ms)
		ReleaseScriptCaches (0ms)
		RebuildScriptCaches (0ms)
		SetupLoadedEditorAssemblies (310ms)
			LogAssemblyErrors (0ms)
			InitializePlatformSupportModulesInManaged (33ms)
			SetLoadedEditorAssemblies (5ms)
			RefreshPlugins (0ms)
			BeforeProcessingInitializeOnLoad (60ms)
			ProcessInitializeOnLoadAttributes (185ms)
			ProcessInitializeOnLoadMethodAttributes (18ms)
			AfterProcessingInitializeOnLoad (8ms)
			EditorAssembliesLoaded (0ms)
		ExecutionOrderSort2 (0ms)
		AwakeInstancesAfterBackupRestoration (7ms)
Refreshing native plugins compatible for Editor in 2.56 ms, found 3 plugins.
Preloading 0 native plugins for Editor in 0.00 ms.
Unloading 3066 Unused Serialized files (Serialized files now loaded: 0)
Unloading 23 unused Assets / (151.1 KB). Loaded Objects now: 3624.
Memory consumption went from 122.9 MB to 122.7 MB.
Total: 3.938500 ms (FindLiveObjects: 0.472600 ms CreateObjectMapping: 0.278000 ms MarkObjects: 3.035000 ms  DeleteObjects: 0.151600 ms)

Prepare: number of updated asset objects reloaded= 0
AssetImportParameters requested are different than current active one (requested -> active):
  custom:container-demuxer-ogg: 62fdf1f143b41e24485cea50d1cbac27 -> 
  custom:video-codec-MediaFoundation-h265: 746d11721c4dcdbdad8f713fa42b33f4 -> 
  custom:video-decoder-ogg-theora: a1e56fd34408186e4bbccfd4996cb3dc -> 
  custom:framework-win-MediaFoundation: 216162199b28c13a410421893ffa2e32 -> 
  custom:CustomObjectIndexerAttribute: 756ad292c208cfabdd7b50bc23989ffe -> 
  custom:container-demuxer-webm: 4f35f7cbe854078d1ac9338744f61a02 -> 
  custom:container-muxer-webm: aa71ff27fc2769a1b78a27578f13a17b -> 
  custom:video-decoder-webm-vp8: 9c59270c3fd7afecdb556c50c9e8de78 -> 
  custom:AudioImporter_EditorPlatform: d09bf68614088b80899f8185d706f6e7 -> 
  custom:video-encoder-webm-vp8: eb34c28f22e8b96e1ab97ce403110664 -> 
  custom:audio-decoder-ogg-vorbis: bf7c407c2cedff20999df2af8eb42d56 -> 
  custom:audio-encoder-webm-vorbis: bf7c407c2cedff20999df2af8eb42d56 -> 
========================================================================
Received Prepare
Refreshing native plugins compatible for Editor in 1.85 ms, found 3 plugins.
Preloading 0 native plugins for Editor in 0.00 ms.
Unloading 2 Unused Serialized files (Serialized files now loaded: 0)
Unloading 2 unused Assets / (126.5 KB). Loaded Objects now: 3624.
Memory consumption went from 75.5 MB to 75.4 MB.
Total: 3.768000 ms (FindLiveObjects: 0.216600 ms CreateObjectMapping: 0.137200 ms MarkObjects: 3.279600 ms  DeleteObjects: 0.133700 ms)

Prepare: number of updated asset objects reloaded= 0
AssetImportParameters requested are different than current active one (requested -> active):
  custom:container-demuxer-ogg: 62fdf1f143b41e24485cea50d1cbac27 -> 
  custom:video-codec-MediaFoundation-h265: 746d11721c4dcdbdad8f713fa42b33f4 -> 
  custom:video-decoder-ogg-theora: a1e56fd34408186e4bbccfd4996cb3dc -> 
  custom:framework-win-MediaFoundation: 216162199b28c13a410421893ffa2e32 -> 
  custom:CustomObjectIndexerAttribute: 756ad292c208cfabdd7b50bc23989ffe -> 
  custom:container-demuxer-webm: 4f35f7cbe854078d1ac9338744f61a02 -> 
  custom:container-muxer-webm: aa71ff27fc2769a1b78a27578f13a17b -> 
  custom:video-decoder-webm-vp8: 9c59270c3fd7afecdb556c50c9e8de78 -> 
  custom:AudioImporter_EditorPlatform: d09bf68614088b80899f8185d706f6e7 -> 
  custom:video-encoder-webm-vp8: eb34c28f22e8b96e1ab97ce403110664 -> 
  custom:audio-decoder-ogg-vorbis: bf7c407c2cedff20999df2af8eb42d56 -> 
  custom:audio-encoder-webm-vorbis: bf7c407c2cedff20999df2af8eb42d56 -> 
TcpMessagingSession - receive error
AssetImportWorkerClient::OnTransportError - code=10054 error=     .
